0 verbose cli /usr/bin/node /usr/bin/npm
1 info using npm@10.7.0
2 info using node@v20.14.0
3 silly config:load:file:/usr/lib/node_modules/npm/npmrc
4 silly config:load:file:/usr/csuser/clouddrive/apps/web/.npmrc
5 silly config:load:file:/home/admin/.npmrc
6 silly config:load:file:/usr/etc/npmrc
7 verbose title npm install
8 verbose argv "install"
9 verbose logfile logs-max:10 dir:/home/admin/.npm/_logs/2026-01-02T10_29_22_084Z-
10 verbose logfile /home/admin/.npm/_logs/2026-01-02T10_29_22_084Z-debug-0.log
11 silly logfile done cleaning log files
12 silly idealTree buildDeps
13 silly fetch manifest react@^19.2.0
14 http fetch GET 200 https://registry.npmjs.org/react 102ms (cache revalidated)
15 silly fetch manifest react-dom@^19.2.0
16 http fetch GET 200 https://registry.npmjs.org/react-dom 54ms (cache revalidated)
17 silly fetch manifest @eslint/js@^9.39.1
18 http fetch GET 200 https://registry.npmjs.org/@eslint%2fjs 42ms (cache revalidated)
19 silly fetch manifest @types/node@^24.10.1
20 http fetch GET 200 https://registry.npmjs.org/@types%2fnode 90ms (cache revalidated)
21 silly fetch manifest @types/react@^19.2.5
22 http fetch GET 200 https://registry.npmjs.org/@types%2freact 187ms (cache revalidated)
23 silly fetch manifest @types/react-dom@^19.2.3
24 http fetch GET 200 https://registry.npmjs.org/@types%2freact-dom 47ms (cache revalidated)
25 silly fetch manifest @vitejs/plugin-react@^5.1.1
26 http fetch GET 200 https://registry.npmjs.org/@vitejs%2fplugin-react 43ms (cache revalidated)
27 silly fetch manifest vite@^7.2.4
28 http fetch GET 200 https://registry.npmjs.org/vite 131ms (cache revalidated)
29 silly fetch manifest jiti@>=1.21.0
30 http fetch GET 200 https://registry.npmjs.org/jiti 36ms (cache revalidated)
31 silly fetch manifest less@^4.0.0
32 http fetch GET 200 https://registry.npmjs.org/less 40ms (cache revalidated)
33 silly fetch manifest lightningcss@^1.21.0
34 http fetch GET 200 https://registry.npmjs.org/lightningcss 31ms (cache revalidated)
35 silly fetch manifest sass@^1.70.0
36 http fetch GET 200 https://registry.npmjs.org/sass 33ms (cache revalidated)
37 silly fetch manifest sass-embedded@^1.70.0
38 http fetch GET 200 https://registry.npmjs.org/sass-embedded 27ms (cache revalidated)
39 silly fetch manifest stylus@>=0.54.8
40 http fetch GET 200 https://registry.npmjs.org/stylus 36ms (cache revalidated)
41 silly fetch manifest sugarss@^5.0.0
42 http fetch GET 200 https://registry.npmjs.org/sugarss 26ms (cache revalidated)
43 silly fetch manifest postcss@^8.3.3
44 http fetch GET 200 https://registry.npmjs.org/postcss 32ms (cache revalidated)
45 silly fetch manifest terser@^5.16.0
46 http fetch GET 200 https://registry.npmjs.org/terser 32ms (cache revalidated)
47 silly fetch manifest tsx@^4.8.1
48 http fetch GET 200 https://registry.npmjs.org/tsx 31ms (cache revalidated)
49 silly fetch manifest yaml@^2.4.2
50 http fetch GET 200 https://registry.npmjs.org/yaml 30ms (cache revalidated)
51 silly fetch manifest eslint@^9.39.1
52 http fetch GET 200 https://registry.npmjs.org/eslint 29ms (cache revalidated)
53 silly fetch manifest jiti@*
54 silly fetch manifest eslint-plugin-react-hooks@^7.0.1
55 http fetch GET 200 https://registry.npmjs.org/eslint-plugin-react-hooks 42ms (cache revalidated)
56 silly fetch manifest eslint-plugin-react-refresh@^0.4.24
57 http fetch GET 200 https://registry.npmjs.org/eslint-plugin-react-refresh 36ms (cache revalidated)
58 silly fetch manifest globals@^16.5.0
59 http fetch GET 200 https://registry.npmjs.org/globals 22ms (cache revalidated)
60 silly fetch manifest typescript@~5.9.3
61 http fetch GET 200 https://registry.npmjs.org/typescript 71ms (cache revalidated)
62 silly fetch manifest typescript-eslint@^8.46.4
63 http fetch GET 200 https://registry.npmjs.org/typescript-eslint 39ms (cache revalidated)
64 silly placeDep ROOT @eslint/js@9.39.2 OK for: web@0.0.0 want: ^9.39.1
65 silly placeDep ROOT @types/node@24.10.4 OK for: web@0.0.0 want: ^24.10.1
66 silly placeDep ROOT @types/react@19.2.7 OK for: web@0.0.0 want: ^19.2.5
67 silly placeDep ROOT @types/react-dom@19.2.3 OK for: web@0.0.0 want: ^19.2.3
68 silly placeDep ROOT @vitejs/plugin-react@5.1.2 OK for: web@0.0.0 want: ^5.1.1
69 silly placeDep ROOT vite@7.3.0 OK for: @vitejs/plugin-react@5.1.2 want: ^4.2.0 || ^5.0.0 || ^6.0.0 || ^7.0.0
70 silly placeDep ROOT eslint@9.39.2 OK for: web@0.0.0 want: ^9.39.1
71 silly placeDep ROOT eslint-plugin-react-hooks@7.0.1 OK for: web@0.0.0 want: ^7.0.1
72 silly placeDep ROOT eslint-plugin-react-refresh@0.4.26 OK for: web@0.0.0 want: ^0.4.24
73 silly placeDep ROOT globals@16.5.0 OK for: web@0.0.0 want: ^16.5.0
74 silly placeDep ROOT react@19.2.3 OK for: web@0.0.0 want: ^19.2.0
75 silly placeDep ROOT react-dom@19.2.3 OK for: web@0.0.0 want: ^19.2.0
76 silly placeDep ROOT typescript@5.9.3 OK for: web@0.0.0 want: ~5.9.3
77 silly placeDep ROOT typescript-eslint@8.51.0 OK for: web@0.0.0 want: ^8.46.4
78 silly fetch manifest undici-types@~7.16.0
79 http fetch GET 200 https://registry.npmjs.org/undici-types 31ms (cache revalidated)
80 silly fetch manifest csstype@^3.2.2
81 http fetch GET 200 https://registry.npmjs.org/csstype 44ms (cache revalidated)
82 silly fetch manifest @babel/core@^7.28.5
83 http fetch GET 200 https://registry.npmjs.org/@babel%2fcore 46ms (cache revalidated)
84 silly fetch manifest @babel/plugin-transform-react-jsx-self@^7.27.1
85 http fetch GET 200 https://registry.npmjs.org/@babel%2fplugin-transform-react-jsx-self 43ms (cache revalidated)
86 silly fetch manifest @babel/plugin-transform-react-jsx-source@^7.27.1
87 http fetch GET 200 https://registry.npmjs.org/@babel%2fplugin-transform-react-jsx-source 37ms (cache revalidated)
88 silly fetch manifest @rolldown/pluginutils@1.0.0-beta.53
89 http fetch GET 200 https://registry.npmjs.org/@rolldown%2fpluginutils 40ms (cache revalidated)
90 silly fetch manifest @types/babel__core@^7.20.5
91 http fetch GET 200 https://registry.npmjs.org/@types%2fbabel__core 32ms (cache revalidated)
92 silly fetch manifest react-refresh@^0.18.0
93 http fetch GET 200 https://registry.npmjs.org/react-refresh 45ms (cache revalidated)
94 silly fetch manifest fdir@^6.5.0
95 http fetch GET 200 https://registry.npmjs.org/fdir 52ms (cache revalidated)
96 silly fetch manifest rollup@^4.43.0
97 http fetch GET 200 https://registry.npmjs.org/rollup 51ms (cache revalidated)
98 silly fetch manifest esbuild@^0.27.0
99 http fetch GET 200 https://registry.npmjs.org/esbuild 33ms (cache revalidated)
100 silly fetch manifest postcss@^8.5.6
101 silly fetch manifest picomatch@^4.0.3
102 http fetch GET 200 https://registry.npmjs.org/picomatch 36ms (cache revalidated)
103 silly fetch manifest tinyglobby@^0.2.15
104 http fetch GET 200 https://registry.npmjs.org/tinyglobby 26ms (cache revalidated)
105 silly fetch manifest fsevents@~2.3.3
106 http fetch GET 200 https://registry.npmjs.org/fsevents 27ms (cache revalidated)
107 silly fetch manifest @eslint-community/eslint-utils@^4.8.0
108 http fetch GET 200 https://registry.npmjs.org/@eslint-community%2feslint-utils 34ms (cache revalidated)
109 silly fetch manifest @eslint-community/regexpp@^4.12.1
110 http fetch GET 200 https://registry.npmjs.org/@eslint-community%2fregexpp 59ms (cache revalidated)
111 silly fetch manifest @eslint/config-array@^0.21.1
112 http fetch GET 200 https://registry.npmjs.org/@eslint%2fconfig-array 42ms (cache revalidated)
113 silly fetch manifest @eslint/config-helpers@^0.4.2
114 http fetch GET 200 https://registry.npmjs.org/@eslint%2fconfig-helpers 38ms (cache revalidated)
115 silly fetch manifest @eslint/core@^0.17.0
116 http fetch GET 200 https://registry.npmjs.org/@eslint%2fcore 54ms (cache revalidated)
117 silly fetch manifest @eslint/eslintrc@^3.3.1
118 http fetch GET 200 https://registry.npmjs.org/@eslint%2feslintrc 46ms (cache revalidated)
119 silly fetch manifest @eslint/plugin-kit@^0.4.1
120 http fetch GET 200 https://registry.npmjs.org/@eslint%2fplugin-kit 43ms (cache revalidated)
121 silly fetch manifest @humanfs/node@^0.16.6
122 http fetch GET 200 https://registry.npmjs.org/@humanfs%2fnode 39ms (cache revalidated)
123 silly fetch manifest @humanwhocodes/module-importer@^1.0.1
124 http fetch GET 200 https://registry.npmjs.org/@humanwhocodes%2fmodule-importer 40ms (cache revalidated)
125 silly fetch manifest @humanwhocodes/retry@^0.4.2
126 http fetch GET 200 https://registry.npmjs.org/@humanwhocodes%2fretry 42ms (cache revalidated)
127 silly fetch manifest @types/estree@^1.0.6
128 http fetch GET 200 https://registry.npmjs.org/@types%2festree 36ms (cache revalidated)
129 silly fetch manifest ajv@^6.12.4
130 http fetch GET 200 https://registry.npmjs.org/ajv 33ms (cache revalidated)
131 silly fetch manifest chalk@^4.0.0
132 http fetch GET 200 https://registry.npmjs.org/chalk 30ms (cache revalidated)
133 silly fetch manifest cross-spawn@^7.0.6
134 http fetch GET 200 https://registry.npmjs.org/cross-spawn 44ms (cache revalidated)
135 silly fetch manifest debug@^4.3.2
136 http fetch GET 200 https://registry.npmjs.org/debug 30ms (cache revalidated)
137 silly fetch manifest escape-string-regexp@^4.0.0
138 http fetch GET 200 https://registry.npmjs.org/escape-string-regexp 28ms (cache revalidated)
139 silly fetch manifest eslint-scope@^8.4.0
140 http fetch GET 200 https://registry.npmjs.org/eslint-scope 25ms (cache revalidated)
141 silly fetch manifest eslint-visitor-keys@^4.2.1
142 http fetch GET 200 https://registry.npmjs.org/eslint-visitor-keys 24ms (cache revalidated)
143 silly fetch manifest espree@^10.4.0
144 http fetch GET 200 https://registry.npmjs.org/espree 23ms (cache revalidated)
145 silly fetch manifest esquery@^1.5.0
146 http fetch GET 200 https://registry.npmjs.org/esquery 45ms (cache revalidated)
147 silly fetch manifest esutils@^2.0.2
148 http fetch GET 200 https://registry.npmjs.org/esutils 38ms (cache revalidated)
149 silly fetch manifest fast-deep-equal@^3.1.3
150 http fetch GET 200 https://registry.npmjs.org/fast-deep-equal 26ms (cache revalidated)
151 silly fetch manifest file-entry-cache@^8.0.0
152 http fetch GET 200 https://registry.npmjs.org/file-entry-cache 26ms (cache revalidated)
153 silly fetch manifest find-up@^5.0.0
154 http fetch GET 200 https://registry.npmjs.org/find-up 28ms (cache revalidated)
155 silly fetch manifest glob-parent@^6.0.2
156 http fetch GET 200 https://registry.npmjs.org/glob-parent 23ms (cache revalidated)
157 silly fetch manifest ignore@^5.2.0
158 http fetch GET 200 https://registry.npmjs.org/ignore 24ms (cache revalidated)
159 silly fetch manifest imurmurhash@^0.1.4
160 http fetch GET 200 https://registry.npmjs.org/imurmurhash 27ms (cache revalidated)
161 silly fetch manifest is-glob@^4.0.0
162 http fetch GET 200 https://registry.npmjs.org/is-glob 31ms (cache revalidated)
163 silly fetch manifest json-stable-stringify-without-jsonify@^1.0.1
164 http fetch GET 200 https://registry.npmjs.org/json-stable-stringify-without-jsonify 30ms (cache revalidated)
165 silly fetch manifest lodash.merge@^4.6.2
166 http fetch GET 200 https://registry.npmjs.org/lodash.merge 55ms (cache revalidated)
167 silly fetch manifest minimatch@^3.1.2
168 http fetch GET 200 https://registry.npmjs.org/minimatch 44ms (cache revalidated)
169 silly fetch manifest natural-compare@^1.4.0
170 http fetch GET 200 https://registry.npmjs.org/natural-compare 23ms (cache revalidated)
171 silly fetch manifest optionator@^0.9.3
172 http fetch GET 200 https://registry.npmjs.org/optionator 27ms (cache revalidated)
173 silly fetch manifest zod@^3.25.0 || ^4.0.0
174 http fetch GET 200 https://registry.npmjs.org/zod 31ms (cache revalidated)
175 silly fetch manifest @babel/core@^7.24.4
176 silly fetch manifest @babel/parser@^7.24.4
177 http fetch GET 200 https://registry.npmjs.org/@babel%2fparser 35ms (cache revalidated)
178 silly fetch manifest hermes-parser@^0.25.1
179 http fetch GET 200 https://registry.npmjs.org/hermes-parser 24ms (cache revalidated)
180 silly fetch manifest zod-validation-error@^3.5.0 || ^4.0.0
181 http fetch GET 200 https://registry.npmjs.org/zod-validation-error 40ms (cache revalidated)
182 silly fetch manifest scheduler@^0.27.0
183 http fetch GET 200 https://registry.npmjs.org/scheduler 35ms (cache revalidated)
184 silly fetch manifest @typescript-eslint/utils@8.51.0
185 http fetch GET 200 https://registry.npmjs.org/@typescript-eslint%2futils 66ms (cache revalidated)
186 silly fetch manifest @typescript-eslint/parser@8.51.0
187 http fetch GET 200 https://registry.npmjs.org/@typescript-eslint%2fparser 93ms (cache revalidated)
188 silly fetch manifest @typescript-eslint/eslint-plugin@8.51.0
189 http fetch GET 200 https://registry.npmjs.org/@typescript-eslint%2feslint-plugin 101ms (cache revalidated)
190 silly fetch manifest @typescript-eslint/typescript-estree@8.51.0
191 http fetch GET 200 https://registry.npmjs.org/@typescript-eslint%2ftypescript-estree 80ms (cache revalidated)
192 silly placeDep ROOT undici-types@7.16.0 OK for: @types/node@24.10.4 want: ~7.16.0
193 silly placeDep ROOT csstype@3.2.3 OK for: @types/react@19.2.7 want: ^3.2.2
194 silly placeDep ROOT @babel/core@7.28.5 OK for: @vitejs/plugin-react@5.1.2 want: ^7.28.5
195 silly placeDep ROOT @babel/plugin-transform-react-jsx-self@7.27.1 OK for: @vitejs/plugin-react@5.1.2 want: ^7.27.1
196 silly placeDep ROOT @babel/plugin-transform-react-jsx-source@7.27.1 OK for: @vitejs/plugin-react@5.1.2 want: ^7.27.1
197 silly placeDep ROOT @rolldown/pluginutils@1.0.0-beta.53 OK for: @vitejs/plugin-react@5.1.2 want: 1.0.0-beta.53
198 silly placeDep ROOT @types/babel__core@7.20.5 OK for: @vitejs/plugin-react@5.1.2 want: ^7.20.5
199 silly placeDep ROOT react-refresh@0.18.0 OK for: @vitejs/plugin-react@5.1.2 want: ^0.18.0
200 silly fetch manifest @babel/code-frame@^7.27.1
201 http fetch GET 200 https://registry.npmjs.org/@babel%2fcode-frame 39ms (cache revalidated)
202 silly fetch manifest @babel/generator@^7.28.5
203 http fetch GET 200 https://registry.npmjs.org/@babel%2fgenerator 44ms (cache revalidated)
204 silly fetch manifest @babel/helper-compilation-targets@^7.27.2
205 http fetch GET 200 https://registry.npmjs.org/@babel%2fhelper-compilation-targets 42ms (cache revalidated)
206 silly fetch manifest @babel/helper-module-transforms@^7.28.3
207 http fetch GET 200 https://registry.npmjs.org/@babel%2fhelper-module-transforms 34ms (cache revalidated)
208 silly fetch manifest @babel/helpers@^7.28.4
209 http fetch GET 200 https://registry.npmjs.org/@babel%2fhelpers 79ms (cache revalidated)
210 silly fetch manifest @babel/parser@^7.28.5
211 silly fetch manifest @babel/template@^7.27.2
212 http fetch GET 200 https://registry.npmjs.org/@babel%2ftemplate 41ms (cache revalidated)
213 silly fetch manifest @babel/traverse@^7.28.5
214 http fetch GET 200 https://registry.npmjs.org/@babel%2ftraverse 34ms (cache revalidated)
215 silly fetch manifest @babel/types@^7.28.5
216 http fetch GET 200 https://registry.npmjs.org/@babel%2ftypes 43ms (cache revalidated)
217 silly fetch manifest @jridgewell/remapping@^2.3.5
218 http fetch GET 200 https://registry.npmjs.org/@jridgewell%2fremapping 46ms (cache revalidated)
219 silly fetch manifest convert-source-map@^2.0.0
220 http fetch GET 200 https://registry.npmjs.org/convert-source-map 24ms (cache revalidated)
221 silly fetch manifest debug@^4.1.0
222 silly fetch manifest gensync@^1.0.0-beta.2
223 http fetch GET 200 https://registry.npmjs.org/gensync 34ms (cache revalidated)
224 silly fetch manifest json5@^2.2.3
225 http fetch GET 200 https://registry.npmjs.org/json5 29ms (cache revalidated)
226 silly fetch manifest semver@^6.3.1
227 http fetch GET 200 https://registry.npmjs.org/semver 25ms (cache revalidated)
228 silly fetch manifest @babel/helper-plugin-utils@^7.27.1
229 http fetch GET 200 https://registry.npmjs.org/@babel%2fhelper-plugin-utils 32ms (cache revalidated)
230 silly fetch manifest @babel/types@^7.20.7
231 silly fetch manifest @babel/parser@^7.20.7
232 silly fetch manifest @types/babel__template@*
233 http fetch GET 200 https://registry.npmjs.org/@types%2fbabel__template 31ms (cache revalidated)
234 silly fetch manifest @types/babel__traverse@*
235 http fetch GET 200 https://registry.npmjs.org/@types%2fbabel__traverse 41ms (cache revalidated)
236 silly fetch manifest @types/babel__generator@*
237 http fetch GET 200 https://registry.npmjs.org/@types%2fbabel__generator 33ms (cache revalidated)
238 silly fetch manifest @babel/core@^7.0.0
239 silly placeDep ROOT @babel/code-frame@7.27.1 OK for: @babel/core@7.28.5 want: ^7.27.1
240 silly placeDep ROOT @babel/generator@7.28.5 OK for: @babel/core@7.28.5 want: ^7.28.5
241 silly placeDep ROOT @babel/helper-compilation-targets@7.27.2 OK for: @babel/core@7.28.5 want: ^7.27.2
242 silly placeDep ROOT @babel/helper-module-transforms@7.28.3 OK for: @babel/core@7.28.5 want: ^7.28.3
243 silly placeDep ROOT @babel/helpers@7.28.4 OK for: @babel/core@7.28.5 want: ^7.28.4
244 silly placeDep ROOT @babel/parser@7.28.5 OK for: @babel/core@7.28.5 want: ^7.28.5
245 silly placeDep ROOT @babel/template@7.27.2 OK for: @babel/core@7.28.5 want: ^7.27.2
246 silly placeDep ROOT @babel/traverse@7.28.5 OK for: @babel/core@7.28.5 want: ^7.28.5
247 silly placeDep ROOT @babel/types@7.28.5 OK for: @babel/core@7.28.5 want: ^7.28.5
248 silly placeDep ROOT @jridgewell/remapping@2.3.5 OK for: @babel/core@7.28.5 want: ^2.3.5
249 silly placeDep ROOT convert-source-map@2.0.0 OK for: @babel/core@7.28.5 want: ^2.0.0
250 silly placeDep ROOT debug@4.4.3 OK for: @babel/core@7.28.5 want: ^4.1.0
251 silly placeDep ROOT gensync@1.0.0-beta.2 OK for: @babel/core@7.28.5 want: ^1.0.0-beta.2
252 silly placeDep ROOT json5@2.2.3 OK for: @babel/core@7.28.5 want: ^2.2.3
253 silly placeDep ROOT semver@6.3.1 OK for: @babel/core@7.28.5 want: ^6.3.1
254 silly fetch manifest js-tokens@^4.0.0
255 http fetch GET 200 https://registry.npmjs.org/js-tokens 27ms (cache revalidated)
256 silly fetch manifest picocolors@^1.1.1
257 http fetch GET 200 https://registry.npmjs.org/picocolors 25ms (cache revalidated)
258 silly fetch manifest @babel/helper-validator-identifier@^7.27.1
259 http fetch GET 200 https://registry.npmjs.org/@babel%2fhelper-validator-identifier 33ms (cache revalidated)
260 silly fetch manifest @jridgewell/gen-mapping@^0.3.12
261 http fetch GET 200 https://registry.npmjs.org/@jridgewell%2fgen-mapping 38ms (cache revalidated)
262 silly fetch manifest @jridgewell/trace-mapping@^0.3.28
263 http fetch GET 200 https://registry.npmjs.org/@jridgewell%2ftrace-mapping 36ms (cache revalidated)
264 silly fetch manifest jsesc@^3.0.2
265 http fetch GET 200 https://registry.npmjs.org/jsesc 29ms (cache revalidated)
266 silly fetch manifest lru-cache@^5.1.1
267 http fetch GET 200 https://registry.npmjs.org/lru-cache 28ms (cache revalidated)
268 silly fetch manifest browserslist@^4.24.0
269 http fetch GET 200 https://registry.npmjs.org/browserslist 44ms (cache revalidated)
270 silly fetch manifest @babel/compat-data@^7.27.2
271 http fetch GET 200 https://registry.npmjs.org/@babel%2fcompat-data 36ms (cache revalidated)
272 silly fetch manifest @babel/helper-validator-option@^7.27.1
273 http fetch GET 200 https://registry.npmjs.org/@babel%2fhelper-validator-option 41ms (cache revalidated)
274 silly fetch manifest @babel/traverse@^7.28.3
275 silly fetch manifest @babel/helper-module-imports@^7.27.1
276 http fetch GET 200 https://registry.npmjs.org/@babel%2fhelper-module-imports 30ms (cache revalidated)
277 silly fetch manifest @babel/types@^7.28.4
278 silly fetch manifest @babel/types@^7.27.1
279 silly fetch manifest @babel/helper-globals@^7.28.0
280 http fetch GET 200 https://registry.npmjs.org/@babel%2fhelper-globals 40ms (cache revalidated)
281 silly fetch manifest debug@^4.3.1
282 silly fetch manifest @babel/helper-string-parser@^7.27.1
283 http fetch GET 200 https://registry.npmjs.org/@babel%2fhelper-string-parser 34ms (cache revalidated)
284 silly fetch manifest @babel/helper-validator-identifier@^7.28.5
285 silly fetch manifest @jridgewell/gen-mapping@^0.3.5
286 silly fetch manifest @jridgewell/trace-mapping@^0.3.24
287 silly fetch manifest ms@^2.1.3
288 http fetch GET 200 https://registry.npmjs.org/ms 25ms (cache revalidated)
289 silly placeDep ROOT @babel/helper-validator-identifier@7.28.5 OK for: @babel/code-frame@7.27.1 want: ^7.27.1
290 silly placeDep ROOT js-tokens@4.0.0 OK for: @babel/code-frame@7.27.1 want: ^4.0.0
291 silly placeDep ROOT picocolors@1.1.1 OK for: @babel/code-frame@7.27.1 want: ^1.1.1
292 silly placeDep ROOT @jridgewell/gen-mapping@0.3.13 OK for: @babel/generator@7.28.5 want: ^0.3.12
293 silly placeDep ROOT @jridgewell/trace-mapping@0.3.31 OK for: @babel/generator@7.28.5 want: ^0.3.28
294 silly placeDep ROOT jsesc@3.1.0 OK for: @babel/generator@7.28.5 want: ^3.0.2
295 silly fetch manifest @jridgewell/sourcemap-codec@^1.5.0
296 http fetch GET 200 https://registry.npmjs.org/@jridgewell%2fsourcemap-codec 36ms (cache revalidated)
297 silly fetch manifest @jridgewell/resolve-uri@^3.1.0
298 http fetch GET 200 https://registry.npmjs.org/@jridgewell%2fresolve-uri 49ms (cache revalidated)
299 silly fetch manifest @jridgewell/sourcemap-codec@^1.4.14
300 silly placeDep ROOT @babel/compat-data@7.28.5 OK for: @babel/helper-compilation-targets@7.27.2 want: ^7.27.2
301 silly placeDep ROOT @babel/helper-validator-option@7.27.1 OK for: @babel/helper-compilation-targets@7.27.2 want: ^7.27.1
302 silly placeDep ROOT browserslist@4.28.1 OK for: @babel/helper-compilation-targets@7.27.2 want: ^4.24.0
303 silly placeDep ROOT lru-cache@5.1.1 OK for: @babel/helper-compilation-targets@7.27.2 want: ^5.1.1
304 silly fetch manifest baseline-browser-mapping@^2.9.0
305 http fetch GET 200 https://registry.npmjs.org/baseline-browser-mapping 35ms (cache revalidated)
306 silly fetch manifest caniuse-lite@^1.0.30001759
307 http fetch GET 200 https://registry.npmjs.org/caniuse-lite 33ms (cache revalidated)
308 silly fetch manifest electron-to-chromium@^1.5.263
309 http fetch GET 200 https://registry.npmjs.org/electron-to-chromium 38ms (cache revalidated)
310 silly fetch manifest node-releases@^2.0.27
311 http fetch GET 200 https://registry.npmjs.org/node-releases 42ms (cache revalidated)
312 silly fetch manifest update-browserslist-db@^1.2.0
313 http fetch GET 200 https://registry.npmjs.org/update-browserslist-db 45ms (cache revalidated)
314 silly fetch manifest yallist@^3.0.2
315 http fetch GET 200 https://registry.npmjs.org/yallist 26ms (cache revalidated)
316 silly placeDep ROOT @babel/helper-module-imports@7.27.1 OK for: @babel/helper-module-transforms@7.28.3 want: ^7.27.1
317 silly placeDep ROOT @babel/helper-plugin-utils@7.27.1 OK for: @babel/plugin-transform-react-jsx-self@7.27.1 want: ^7.27.1
318 silly placeDep ROOT @babel/helper-globals@7.28.0 OK for: @babel/traverse@7.28.5 want: ^7.28.0
319 silly placeDep ROOT @babel/helper-string-parser@7.27.1 OK for: @babel/types@7.28.5 want: ^7.27.1
320 silly placeDep ROOT @jridgewell/sourcemap-codec@1.5.5 OK for: @jridgewell/gen-mapping@0.3.13 want: ^1.5.0
321 silly placeDep ROOT @jridgewell/resolve-uri@3.1.2 OK for: @jridgewell/trace-mapping@0.3.31 want: ^3.1.0
322 silly placeDep ROOT @types/babel__generator@7.27.0 OK for: @types/babel__core@7.20.5 want: *
323 silly placeDep ROOT @types/babel__template@7.4.4 OK for: @types/babel__core@7.20.5 want: *
324 silly placeDep ROOT @types/babel__traverse@7.28.0 OK for: @types/babel__core@7.20.5 want: *
325 silly fetch manifest browserslist@>= 4.21.0
326 silly placeDep ROOT baseline-browser-mapping@2.9.11 OK for: browserslist@4.28.1 want: ^2.9.0
327 silly placeDep ROOT caniuse-lite@1.0.30001762 OK for: browserslist@4.28.1 want: ^1.0.30001759
328 silly placeDep ROOT electron-to-chromium@1.5.267 OK for: browserslist@4.28.1 want: ^1.5.263
329 silly placeDep ROOT node-releases@2.0.27 OK for: browserslist@4.28.1 want: ^2.0.27
330 silly placeDep ROOT update-browserslist-db@1.2.3 OK for: browserslist@4.28.1 want: ^1.2.0
331 silly fetch manifest escalade@^3.2.0
332 http fetch GET 200 https://registry.npmjs.org/escalade 29ms (cache revalidated)
333 silly placeDep ROOT ms@2.1.3 OK for: debug@4.4.3 want: ^2.1.3
334 silly fetch manifest eslint@^6.0.0 || ^7.0.0 || >=8.0.0
335 silly placeDep ROOT @eslint-community/eslint-utils@4.9.1 OK for: eslint@9.39.2 want: ^4.8.0
336 silly placeDep ROOT @eslint-community/regexpp@4.12.2 OK for: eslint@9.39.2 want: ^4.12.1
337 silly placeDep ROOT @eslint/config-array@0.21.1 OK for: eslint@9.39.2 want: ^0.21.1
338 silly placeDep ROOT @eslint/config-helpers@0.4.2 OK for: eslint@9.39.2 want: ^0.4.2
339 silly placeDep ROOT @eslint/core@0.17.0 OK for: eslint@9.39.2 want: ^0.17.0
340 silly placeDep ROOT @eslint/eslintrc@3.3.3 OK for: eslint@9.39.2 want: ^3.3.1
341 silly placeDep ROOT @eslint/plugin-kit@0.4.1 OK for: eslint@9.39.2 want: ^0.4.1
342 silly placeDep ROOT @humanfs/node@0.16.7 OK for: eslint@9.39.2 want: ^0.16.6
343 silly placeDep ROOT @humanwhocodes/module-importer@1.0.1 OK for: eslint@9.39.2 want: ^1.0.1
344 silly placeDep ROOT @humanwhocodes/retry@0.4.3 OK for: eslint@9.39.2 want: ^0.4.2
345 silly placeDep ROOT @types/estree@1.0.8 OK for: eslint@9.39.2 want: ^1.0.6
346 silly placeDep ROOT ajv@6.12.6 OK for: eslint@9.39.2 want: ^6.12.4
347 silly placeDep ROOT chalk@4.1.2 OK for: eslint@9.39.2 want: ^4.0.0
348 silly placeDep ROOT cross-spawn@7.0.6 OK for: eslint@9.39.2 want: ^7.0.6
349 silly placeDep ROOT escape-string-regexp@4.0.0 OK for: eslint@9.39.2 want: ^4.0.0
350 silly placeDep ROOT eslint-scope@8.4.0 OK for: eslint@9.39.2 want: ^8.4.0
351 silly placeDep ROOT eslint-visitor-keys@4.2.1 OK for: eslint@9.39.2 want: ^4.2.1
352 silly placeDep ROOT espree@10.4.0 OK for: eslint@9.39.2 want: ^10.4.0
353 silly placeDep ROOT esquery@1.7.0 OK for: eslint@9.39.2 want: ^1.5.0
354 silly placeDep ROOT esutils@2.0.3 OK for: eslint@9.39.2 want: ^2.0.2
355 silly placeDep ROOT fast-deep-equal@3.1.3 OK for: eslint@9.39.2 want: ^3.1.3
356 silly placeDep ROOT file-entry-cache@8.0.0 OK for: eslint@9.39.2 want: ^8.0.0
357 silly placeDep ROOT find-up@5.0.0 OK for: eslint@9.39.2 want: ^5.0.0
358 silly placeDep ROOT glob-parent@6.0.2 OK for: eslint@9.39.2 want: ^6.0.2
359 silly placeDep ROOT ignore@5.3.2 OK for: eslint@9.39.2 want: ^5.2.0
360 silly placeDep ROOT imurmurhash@0.1.4 OK for: eslint@9.39.2 want: ^0.1.4
361 silly placeDep ROOT is-glob@4.0.3 OK for: eslint@9.39.2 want: ^4.0.0
362 silly placeDep ROOT json-stable-stringify-without-jsonify@1.0.1 OK for: eslint@9.39.2 want: ^1.0.1
363 silly placeDep ROOT lodash.merge@4.6.2 OK for: eslint@9.39.2 want: ^4.6.2
364 silly placeDep ROOT minimatch@3.1.2 OK for: eslint@9.39.2 want: ^3.1.2
365 silly placeDep ROOT natural-compare@1.4.0 OK for: eslint@9.39.2 want: ^1.4.0
366 silly placeDep ROOT optionator@0.9.4 OK for: eslint@9.39.2 want: ^0.9.3
367 silly fetch manifest eslint-visitor-keys@^3.4.3
368 silly fetch manifest @eslint/object-schema@^2.1.7
369 http fetch GET 200 https://registry.npmjs.org/@eslint%2fobject-schema 53ms (cache revalidated)
370 silly fetch manifest @types/json-schema@^7.0.15
371 http fetch GET 200 https://registry.npmjs.org/@types%2fjson-schema 36ms (cache revalidated)
372 silly fetch manifest espree@^10.0.1
373 silly fetch manifest globals@^14.0.0
374 silly fetch manifest import-fresh@^3.2.1
375 http fetch GET 200 https://registry.npmjs.org/import-fresh 28ms (cache revalidated)
376 silly fetch manifest js-yaml@^4.1.1
377 http fetch GET 200 https://registry.npmjs.org/js-yaml 25ms (cache revalidated)
378 silly fetch manifest strip-json-comments@^3.1.1
379 http fetch GET 200 https://registry.npmjs.org/strip-json-comments 23ms (cache revalidated)
380 silly fetch manifest levn@^0.4.1
381 http fetch GET 200 https://registry.npmjs.org/levn 25ms (cache revalidated)
382 silly fetch manifest @humanwhocodes/retry@^0.4.0
383 silly fetch manifest @humanfs/core@^0.19.1
384 http fetch GET 200 https://registry.npmjs.org/@humanfs%2fcore 39ms (cache revalidated)
385 silly fetch manifest uri-js@^4.2.2
386 http fetch GET 200 https://registry.npmjs.org/uri-js 26ms (cache revalidated)
387 silly fetch manifest fast-deep-equal@^3.1.1
388 silly fetch manifest json-schema-traverse@^0.4.1
389 http fetch GET 200 https://registry.npmjs.org/json-schema-traverse 25ms (cache revalidated)
390 silly fetch manifest fast-json-stable-stringify@^2.0.0
391 http fetch GET 200 https://registry.npmjs.org/fast-json-stable-stringify 34ms (cache revalidated)
392 silly fetch manifest ansi-styles@^4.1.0
393 http fetch GET 200 https://registry.npmjs.org/ansi-styles 29ms (cache revalidated)
394 silly fetch manifest supports-color@^7.1.0
395 http fetch GET 200 https://registry.npmjs.org/supports-color 30ms (cache revalidated)
396 silly fetch manifest which@^2.0.1
397 http fetch GET 200 https://registry.npmjs.org/which 29ms (cache revalidated)
398 silly fetch manifest path-key@^3.1.0
399 http fetch GET 200 https://registry.npmjs.org/path-key 29ms (cache revalidated)
400 silly fetch manifest shebang-command@^2.0.0
401 http fetch GET 200 https://registry.npmjs.org/shebang-command 30ms (cache revalidated)
402 silly fetch manifest esrecurse@^4.3.0
403 http fetch GET 200 https://registry.npmjs.org/esrecurse 24ms (cache revalidated)
404 silly fetch manifest estraverse@^5.2.0
405 http fetch GET 200 https://registry.npmjs.org/estraverse 32ms (cache revalidated)
406 silly fetch manifest acorn@^8.15.0
407 http fetch GET 200 https://registry.npmjs.org/acorn 26ms (cache revalidated)
408 silly fetch manifest acorn-jsx@^5.3.2
409 http fetch GET 200 https://registry.npmjs.org/acorn-jsx 28ms (cache revalidated)
410 silly fetch manifest estraverse@^5.1.0
411 silly fetch manifest flat-cache@^4.0.0
412 http fetch GET 200 https://registry.npmjs.org/flat-cache 27ms (cache revalidated)
413 silly fetch manifest locate-path@^6.0.0
414 http fetch GET 200 https://registry.npmjs.org/locate-path 22ms (cache revalidated)
415 silly fetch manifest path-exists@^4.0.0
416 http fetch GET 200 https://registry.npmjs.org/path-exists 23ms (cache revalidated)
417 silly fetch manifest is-glob@^4.0.3
418 silly fetch manifest is-extglob@^2.1.1
419 http fetch GET 200 https://registry.npmjs.org/is-extglob 24ms (cache revalidated)
420 silly fetch manifest brace-expansion@^1.1.7
421 http fetch GET 200 https://registry.npmjs.org/brace-expansion 26ms (cache revalidated)
422 silly fetch manifest prelude-ls@^1.2.1
423 http fetch GET 200 https://registry.npmjs.org/prelude-ls 32ms (cache revalidated)
424 silly fetch manifest deep-is@^0.1.3
425 http fetch GET 200 https://registry.npmjs.org/deep-is 35ms (cache revalidated)
426 silly fetch manifest word-wrap@^1.2.5
427 http fetch GET 200 https://registry.npmjs.org/word-wrap 23ms (cache revalidated)
428 silly fetch manifest type-check@^0.4.0
429 http fetch GET 200 https://registry.npmjs.org/type-check 30ms (cache revalidated)
430 silly fetch manifest fast-levenshtein@^2.0.6
431 http fetch GET 200 https://registry.npmjs.org/fast-levenshtein 27ms (cache revalidated)
432 silly placeDep node_modules/@eslint-community/eslint-utils eslint-visitor-keys@3.4.3 OK for: @eslint-community/eslint-utils@4.9.1 want: ^3.4.3
433 silly placeDep ROOT @eslint/object-schema@2.1.7 OK for: @eslint/config-array@0.21.1 want: ^2.1.7
434 silly placeDep ROOT @types/json-schema@7.0.15 OK for: @eslint/core@0.17.0 want: ^7.0.15
435 silly placeDep node_modules/@eslint/eslintrc globals@14.0.0 OK for: @eslint/eslintrc@3.3.3 want: ^14.0.0
436 silly placeDep ROOT import-fresh@3.3.1 OK for: @eslint/eslintrc@3.3.3 want: ^3.2.1
437 silly placeDep ROOT js-yaml@4.1.1 OK for: @eslint/eslintrc@3.3.3 want: ^4.1.1
438 silly placeDep ROOT strip-json-comments@3.1.1 OK for: @eslint/eslintrc@3.3.3 want: ^3.1.1
439 silly fetch manifest parent-module@^1.0.0
440 http fetch GET 200 https://registry.npmjs.org/parent-module 35ms (cache revalidated)
441 silly fetch manifest resolve-from@^4.0.0
442 http fetch GET 200 https://registry.npmjs.org/resolve-from 25ms (cache revalidated)
443 silly fetch manifest argparse@^2.0.1
444 http fetch GET 200 https://registry.npmjs.org/argparse 25ms (cache revalidated)
445 silly placeDep ROOT levn@0.4.1 OK for: @eslint/plugin-kit@0.4.1 want: ^0.4.1
446 silly fetch manifest type-check@~0.4.0
447 silly placeDep ROOT @humanfs/core@0.19.1 OK for: @humanfs/node@0.16.7 want: ^0.19.1
448 silly placeDep ROOT fast-json-stable-stringify@2.1.0 OK for: ajv@6.12.6 want: ^2.0.0
449 silly placeDep ROOT json-schema-traverse@0.4.1 OK for: ajv@6.12.6 want: ^0.4.1
450 silly placeDep ROOT uri-js@4.4.1 OK for: ajv@6.12.6 want: ^4.2.2
451 silly fetch manifest punycode@^2.1.0
452 http fetch GET 200 https://registry.npmjs.org/punycode 37ms (cache revalidated)
453 silly placeDep ROOT ansi-styles@4.3.0 OK for: chalk@4.1.2 want: ^4.1.0
454 silly placeDep ROOT supports-color@7.2.0 OK for: chalk@4.1.2 want: ^7.1.0
455 silly fetch manifest color-convert@^2.0.1
456 http fetch GET 200 https://registry.npmjs.org/color-convert 24ms (cache revalidated)
457 silly fetch manifest has-flag@^4.0.0
458 http fetch GET 200 https://registry.npmjs.org/has-flag 23ms (cache revalidated)
459 silly placeDep ROOT color-convert@2.0.1 OK for: ansi-styles@4.3.0 want: ^2.0.1
460 silly fetch manifest color-name@~1.1.4
461 http fetch GET 200 https://registry.npmjs.org/color-name 23ms (cache revalidated)
462 silly placeDep ROOT color-name@1.1.4 OK for: color-convert@2.0.1 want: ~1.1.4
463 silly placeDep ROOT path-key@3.1.1 OK for: cross-spawn@7.0.6 want: ^3.1.0
464 silly placeDep ROOT shebang-command@2.0.0 OK for: cross-spawn@7.0.6 want: ^2.0.0
465 silly placeDep ROOT which@2.0.2 OK for: cross-spawn@7.0.6 want: ^2.0.1
466 silly fetch manifest shebang-regex@^3.0.0
467 http fetch GET 200 https://registry.npmjs.org/shebang-regex 26ms (cache revalidated)
468 silly fetch manifest isexe@^2.0.0
469 http fetch GET 200 https://registry.npmjs.org/isexe 26ms (cache revalidated)
470 silly placeDep ROOT hermes-parser@0.25.1 OK for: eslint-plugin-react-hooks@7.0.1 want: ^0.25.1
471 silly placeDep ROOT zod@4.3.4 OK for: eslint-plugin-react-hooks@7.0.1 want: ^3.25.0 || ^4.0.0
472 silly placeDep ROOT zod-validation-error@4.0.2 OK for: eslint-plugin-react-hooks@7.0.1 want: ^3.5.0 || ^4.0.0
473 silly fetch manifest hermes-estree@0.25.1
474 http fetch GET 200 https://registry.npmjs.org/hermes-estree 44ms (cache revalidated)
475 silly placeDep ROOT esrecurse@4.3.0 OK for: eslint-scope@8.4.0 want: ^4.3.0
476 silly placeDep ROOT estraverse@5.3.0 OK for: eslint-scope@8.4.0 want: ^5.2.0
477 silly placeDep ROOT acorn@8.15.0 OK for: espree@10.4.0 want: ^8.15.0
478 silly placeDep ROOT acorn-jsx@5.3.2 OK for: espree@10.4.0 want: ^5.3.2
479 silly placeDep ROOT flat-cache@4.0.1 OK for: file-entry-cache@8.0.0 want: ^4.0.0
480 silly fetch manifest keyv@^4.5.4
481 http fetch GET 200 https://registry.npmjs.org/keyv 24ms (cache revalidated)
482 silly fetch manifest flatted@^3.2.9
483 http fetch GET 200 https://registry.npmjs.org/flatted 24ms (cache revalidated)
484 silly placeDep ROOT locate-path@6.0.0 OK for: find-up@5.0.0 want: ^6.0.0
485 silly placeDep ROOT path-exists@4.0.0 OK for: find-up@5.0.0 want: ^4.0.0
486 silly fetch manifest p-locate@^5.0.0
487 http fetch GET 200 https://registry.npmjs.org/p-locate 26ms (cache revalidated)
488 silly placeDep ROOT flatted@3.3.3 OK for: flat-cache@4.0.1 want: ^3.2.9
489 silly placeDep ROOT keyv@4.5.4 OK for: flat-cache@4.0.1 want: ^4.5.4
490 silly fetch manifest json-buffer@3.0.1
491 http fetch GET 200 https://registry.npmjs.org/json-buffer 28ms (cache revalidated)
492 silly placeDep ROOT hermes-estree@0.25.1 OK for: hermes-parser@0.25.1 want: 0.25.1
493 silly placeDep ROOT parent-module@1.0.1 OK for: import-fresh@3.3.1 want: ^1.0.0
494 silly placeDep ROOT resolve-from@4.0.0 OK for: import-fresh@3.3.1 want: ^4.0.0
495 silly fetch manifest callsites@^3.0.0
496 http fetch GET 200 https://registry.npmjs.org/callsites 36ms (cache revalidated)
497 silly placeDep ROOT is-extglob@2.1.1 OK for: is-glob@4.0.3 want: ^2.1.1
498 silly placeDep ROOT argparse@2.0.1 OK for: js-yaml@4.1.1 want: ^2.0.1
499 silly placeDep ROOT json-buffer@3.0.1 OK for: keyv@4.5.4 want: 3.0.1
500 silly placeDep ROOT prelude-ls@1.2.1 OK for: levn@0.4.1 want: ^1.2.1
501 silly placeDep ROOT type-check@0.4.0 OK for: levn@0.4.1 want: ~0.4.0
502 silly placeDep ROOT p-locate@5.0.0 OK for: locate-path@6.0.0 want: ^5.0.0
503 silly fetch manifest p-limit@^3.0.2
504 http fetch GET 200 https://registry.npmjs.org/p-limit 25ms (cache revalidated)
505 silly placeDep ROOT yallist@3.1.1 OK for: lru-cache@5.1.1 want: ^3.0.2
506 silly placeDep ROOT brace-expansion@1.1.12 OK for: minimatch@3.1.2 want: ^1.1.7
507 silly fetch manifest balanced-match@^1.0.0
508 http fetch GET 200 https://registry.npmjs.org/balanced-match 21ms (cache revalidated)
509 silly fetch manifest concat-map@0.0.1
510 http fetch GET 200 https://registry.npmjs.org/concat-map 22ms (cache revalidated)
511 silly placeDep ROOT balanced-match@1.0.2 OK for: brace-expansion@1.1.12 want: ^1.0.0
512 silly placeDep ROOT concat-map@0.0.1 OK for: brace-expansion@1.1.12 want: 0.0.1
513 silly placeDep ROOT deep-is@0.1.4 OK for: optionator@0.9.4 want: ^0.1.3
514 silly placeDep ROOT fast-levenshtein@2.0.6 OK for: optionator@0.9.4 want: ^2.0.6
515 silly placeDep ROOT word-wrap@1.2.5 OK for: optionator@0.9.4 want: ^1.2.5
516 silly placeDep ROOT p-limit@3.1.0 OK for: p-locate@5.0.0 want: ^3.0.2
517 silly fetch manifest yocto-queue@^0.1.0
518 http fetch GET 200 https://registry.npmjs.org/yocto-queue 24ms (cache revalidated)
519 silly placeDep ROOT yocto-queue@0.1.0 OK for: p-limit@3.1.0 want: ^0.1.0
520 silly placeDep ROOT callsites@3.1.0 OK for: parent-module@1.0.1 want: ^3.0.0
521 silly placeDep ROOT scheduler@0.27.0 OK for: react-dom@19.2.3 want: ^0.27.0
522 silly placeDep ROOT shebang-regex@3.0.0 OK for: shebang-command@2.0.0 want: ^3.0.0
523 silly placeDep ROOT has-flag@4.0.0 OK for: supports-color@7.2.0 want: ^4.0.0
524 silly fetch manifest eslint@^8.57.0 || ^9.0.0
525 silly fetch manifest typescript@>=4.8.4 <6.0.0
526 silly placeDep ROOT @typescript-eslint/eslint-plugin@8.51.0 OK for: typescript-eslint@8.51.0 want: 8.51.0
527 silly placeDep ROOT @typescript-eslint/parser@8.51.0 OK for: @typescript-eslint/eslint-plugin@8.51.0 want: ^8.51.0
528 silly placeDep ROOT @typescript-eslint/typescript-estree@8.51.0 OK for: typescript-eslint@8.51.0 want: 8.51.0
529 silly placeDep ROOT @typescript-eslint/utils@8.51.0 OK for: typescript-eslint@8.51.0 want: 8.51.0
530 silly fetch manifest ignore@^7.0.0
531 silly fetch manifest ts-api-utils@^2.2.0
532 http fetch GET 200 https://registry.npmjs.org/ts-api-utils 33ms (cache revalidated)
533 silly fetch manifest @typescript-eslint/type-utils@8.51.0
534 http fetch GET 200 https://registry.npmjs.org/@typescript-eslint%2ftype-utils 55ms (cache revalidated)
535 silly fetch manifest @typescript-eslint/visitor-keys@8.51.0
536 http fetch GET 200 https://registry.npmjs.org/@typescript-eslint%2fvisitor-keys 89ms (cache revalidated)
537 silly fetch manifest @typescript-eslint/scope-manager@8.51.0
538 http fetch GET 200 https://registry.npmjs.org/@typescript-eslint%2fscope-manager 104ms (cache revalidated)
539 silly fetch manifest @typescript-eslint/types@8.51.0
540 http fetch GET 200 https://registry.npmjs.org/@typescript-eslint%2ftypes 98ms (cache revalidated)
541 silly fetch manifest semver@^7.6.0
542 silly fetch manifest minimatch@^9.0.4
543 silly fetch manifest @typescript-eslint/tsconfig-utils@8.51.0
544 http fetch GET 200 https://registry.npmjs.org/@typescript-eslint%2ftsconfig-utils 147ms (cache revalidated)
545 silly fetch manifest @typescript-eslint/project-service@8.51.0
546 http fetch GET 200 https://registry.npmjs.org/@typescript-eslint%2fproject-service 54ms (cache revalidated)
547 silly placeDep ROOT @typescript-eslint/scope-manager@8.51.0 OK for: @typescript-eslint/eslint-plugin@8.51.0 want: 8.51.0
548 silly placeDep ROOT @typescript-eslint/type-utils@8.51.0 OK for: @typescript-eslint/eslint-plugin@8.51.0 want: 8.51.0
549 silly placeDep ROOT @typescript-eslint/visitor-keys@8.51.0 OK for: @typescript-eslint/eslint-plugin@8.51.0 want: 8.51.0
550 silly placeDep node_modules/@typescript-eslint/eslint-plugin ignore@7.0.5 OK for: @typescript-eslint/eslint-plugin@8.51.0 want: ^7.0.0
551 silly placeDep ROOT ts-api-utils@2.3.0 OK for: @typescript-eslint/eslint-plugin@8.51.0 want: ^2.2.0
552 silly placeDep ROOT @typescript-eslint/types@8.51.0 OK for: @typescript-eslint/parser@8.51.0 want: 8.51.0
553 silly placeDep ROOT @typescript-eslint/project-service@8.51.0 OK for: @typescript-eslint/typescript-estree@8.51.0 want: 8.51.0
554 silly placeDep ROOT @typescript-eslint/tsconfig-utils@8.51.0 OK for: @typescript-eslint/typescript-estree@8.51.0 want: 8.51.0
555 silly placeDep node_modules/@typescript-eslint/typescript-estree minimatch@9.0.5 OK for: @typescript-eslint/typescript-estree@8.51.0 want: ^9.0.4
556 silly placeDep node_modules/@typescript-eslint/typescript-estree semver@7.7.3 OK for: @typescript-eslint/typescript-estree@8.51.0 want: ^7.6.0
557 silly placeDep ROOT tinyglobby@0.2.15 OK for: @typescript-eslint/typescript-estree@8.51.0 want: ^0.2.15
558 silly fetch manifest @typescript-eslint/tsconfig-utils@^8.51.0
559 silly fetch manifest brace-expansion@^2.0.1
560 silly placeDep ROOT fdir@6.5.0 OK for: tinyglobby@0.2.15 want: ^6.5.0
561 silly placeDep ROOT picomatch@4.0.3 OK for: tinyglobby@0.2.15 want: ^4.0.3
562 silly placeDep ROOT escalade@3.2.0 OK for: update-browserslist-db@1.2.3 want: ^3.2.0
563 silly placeDep ROOT punycode@2.3.1 OK for: uri-js@4.4.1 want: ^2.1.0
564 silly placeDep ROOT esbuild@0.27.2 OK for: vite@7.3.0 want: ^0.27.0
565 silly placeDep ROOT fsevents@2.3.3 OK for: vite@7.3.0 want: ~2.3.3
566 silly placeDep ROOT postcss@8.5.6 OK for: vite@7.3.0 want: ^8.5.6
567 silly placeDep ROOT rollup@4.54.0 OK for: vite@7.3.0 want: ^4.43.0
568 silly fetch manifest @esbuild/aix-ppc64@0.27.2
569 http fetch GET 200 https://registry.npmjs.org/@esbuild%2faix-ppc64 41ms (cache revalidated)
570 silly fetch manifest @esbuild/android-arm@0.27.2
571 http fetch GET 200 https://registry.npmjs.org/@esbuild%2fandroid-arm 42ms (cache revalidated)
572 silly fetch manifest @esbuild/android-arm64@0.27.2
573 http fetch GET 200 https://registry.npmjs.org/@esbuild%2fandroid-arm64 46ms (cache revalidated)
574 silly fetch manifest @esbuild/android-x64@0.27.2
575 http fetch GET 200 https://registry.npmjs.org/@esbuild%2fandroid-x64 61ms (cache revalidated)
576 silly fetch manifest @esbuild/darwin-arm64@0.27.2
577 http fetch GET 200 https://registry.npmjs.org/@esbuild%2fdarwin-arm64 45ms (cache revalidated)
578 silly fetch manifest @esbuild/darwin-x64@0.27.2
579 http fetch GET 200 https://registry.npmjs.org/@esbuild%2fdarwin-x64 40ms (cache revalidated)
580 silly fetch manifest @esbuild/freebsd-arm64@0.27.2
581 http fetch GET 200 https://registry.npmjs.org/@esbuild%2ffreebsd-arm64 42ms (cache revalidated)
582 silly fetch manifest @esbuild/freebsd-x64@0.27.2
583 http fetch GET 200 https://registry.npmjs.org/@esbuild%2ffreebsd-x64 41ms (cache revalidated)
584 silly fetch manifest @esbuild/linux-arm@0.27.2
585 http fetch GET 200 https://registry.npmjs.org/@esbuild%2flinux-arm 35ms (cache revalidated)
586 silly fetch manifest @esbuild/linux-arm64@0.27.2
587 http fetch GET 200 https://registry.npmjs.org/@esbuild%2flinux-arm64 42ms (cache revalidated)
588 silly fetch manifest @esbuild/linux-ia32@0.27.2
589 http fetch GET 200 https://registry.npmjs.org/@esbuild%2flinux-ia32 57ms (cache revalidated)
590 silly fetch manifest @esbuild/linux-loong64@0.27.2
591 http fetch GET 200 https://registry.npmjs.org/@esbuild%2flinux-loong64 38ms (cache revalidated)
592 silly fetch manifest @esbuild/linux-mips64el@0.27.2
593 http fetch GET 200 https://registry.npmjs.org/@esbuild%2flinux-mips64el 38ms (cache revalidated)
594 silly fetch manifest @esbuild/linux-ppc64@0.27.2
595 http fetch GET 200 https://registry.npmjs.org/@esbuild%2flinux-ppc64 52ms (cache revalidated)
596 silly fetch manifest @esbuild/linux-riscv64@0.27.2
597 http fetch GET 200 https://registry.npmjs.org/@esbuild%2flinux-riscv64 33ms (cache revalidated)
598 silly fetch manifest @esbuild/linux-s390x@0.27.2
599 http fetch GET 200 https://registry.npmjs.org/@esbuild%2flinux-s390x 42ms (cache revalidated)
600 silly fetch manifest @esbuild/linux-x64@0.27.2
601 http fetch GET 200 https://registry.npmjs.org/@esbuild%2flinux-x64 40ms (cache revalidated)
602 silly fetch manifest @esbuild/netbsd-arm64@0.27.2
603 http fetch GET 200 https://registry.npmjs.org/@esbuild%2fnetbsd-arm64 41ms (cache revalidated)
604 silly fetch manifest @esbuild/netbsd-x64@0.27.2
605 http fetch GET 200 https://registry.npmjs.org/@esbuild%2fnetbsd-x64 45ms (cache revalidated)
606 silly fetch manifest @esbuild/openbsd-arm64@0.27.2
607 http fetch GET 200 https://registry.npmjs.org/@esbuild%2fopenbsd-arm64 49ms (cache revalidated)
608 silly fetch manifest @esbuild/openbsd-x64@0.27.2
609 http fetch GET 200 https://registry.npmjs.org/@esbuild%2fopenbsd-x64 56ms (cache revalidated)
610 silly fetch manifest @esbuild/openharmony-arm64@0.27.2
611 http fetch GET 200 https://registry.npmjs.org/@esbuild%2fopenharmony-arm64 37ms (cache revalidated)
612 silly fetch manifest @esbuild/sunos-x64@0.27.2
613 http fetch GET 200 https://registry.npmjs.org/@esbuild%2fsunos-x64 43ms (cache revalidated)
614 silly fetch manifest @esbuild/win32-arm64@0.27.2
615 http fetch GET 200 https://registry.npmjs.org/@esbuild%2fwin32-arm64 42ms (cache revalidated)
616 silly fetch manifest @esbuild/win32-ia32@0.27.2
617 http fetch GET 200 https://registry.npmjs.org/@esbuild%2fwin32-ia32 38ms (cache revalidated)
618 silly fetch manifest @esbuild/win32-x64@0.27.2
619 http fetch GET 200 https://registry.npmjs.org/@esbuild%2fwin32-x64 43ms (cache revalidated)
620 silly fetch manifest nanoid@^3.3.11
621 http fetch GET 200 https://registry.npmjs.org/nanoid 25ms (cache revalidated)
622 silly fetch manifest source-map-js@^1.2.1
623 http fetch GET 200 https://registry.npmjs.org/source-map-js 27ms (cache revalidated)
624 silly fetch manifest @rollup/rollup-darwin-arm64@4.54.0
625 http fetch GET 200 https://registry.npmjs.org/@rollup%2frollup-darwin-arm64 39ms (cache revalidated)
626 silly fetch manifest @rollup/rollup-android-arm64@4.54.0
627 http fetch GET 200 https://registry.npmjs.org/@rollup%2frollup-android-arm64 39ms (cache revalidated)
628 silly fetch manifest @rollup/rollup-win32-arm64-msvc@4.54.0
629 http fetch GET 200 https://registry.npmjs.org/@rollup%2frollup-win32-arm64-msvc 42ms (cache revalidated)
630 silly fetch manifest @rollup/rollup-freebsd-arm64@4.54.0
631 http fetch GET 200 https://registry.npmjs.org/@rollup%2frollup-freebsd-arm64 41ms (cache revalidated)
632 silly fetch manifest @rollup/rollup-linux-arm64-gnu@4.54.0
633 http fetch GET 200 https://registry.npmjs.org/@rollup%2frollup-linux-arm64-gnu 51ms (cache revalidated)
634 silly fetch manifest @rollup/rollup-linux-arm64-musl@4.54.0
635 http fetch GET 200 https://registry.npmjs.org/@rollup%2frollup-linux-arm64-musl 34ms (cache revalidated)
636 silly fetch manifest @rollup/rollup-android-arm-eabi@4.54.0
637 http fetch GET 200 https://registry.npmjs.org/@rollup%2frollup-android-arm-eabi 35ms (cache revalidated)
638 silly fetch manifest @rollup/rollup-linux-arm-gnueabihf@4.54.0
639 http fetch GET 200 https://registry.npmjs.org/@rollup%2frollup-linux-arm-gnueabihf 78ms (cache revalidated)
640 silly fetch manifest @rollup/rollup-linux-arm-musleabihf@4.54.0
641 http fetch GET 200 https://registry.npmjs.org/@rollup%2frollup-linux-arm-musleabihf 191ms (cache revalidated)
642 silly fetch manifest @rollup/rollup-win32-ia32-msvc@4.54.0
643 http fetch GET 200 https://registry.npmjs.org/@rollup%2frollup-win32-ia32-msvc 46ms (cache revalidated)
644 silly fetch manifest @rollup/rollup-linux-loong64-gnu@4.54.0
645 http fetch GET 200 https://registry.npmjs.org/@rollup%2frollup-linux-loong64-gnu 36ms (cache revalidated)
646 silly fetch manifest @rollup/rollup-linux-riscv64-gnu@4.54.0
647 http fetch GET 200 https://registry.npmjs.org/@rollup%2frollup-linux-riscv64-gnu 35ms (cache revalidated)
648 silly fetch manifest @rollup/rollup-linux-riscv64-musl@4.54.0
649 http fetch GET 200 https://registry.npmjs.org/@rollup%2frollup-linux-riscv64-musl 34ms (cache revalidated)
650 silly fetch manifest @rollup/rollup-linux-ppc64-gnu@4.54.0
651 http fetch GET 200 https://registry.npmjs.org/@rollup%2frollup-linux-ppc64-gnu 44ms (cache revalidated)
652 silly fetch manifest @rollup/rollup-linux-s390x-gnu@4.54.0
653 http fetch GET 200 https://registry.npmjs.org/@rollup%2frollup-linux-s390x-gnu 40ms (cache revalidated)
654 silly fetch manifest @rollup/rollup-darwin-x64@4.54.0
655 http fetch GET 200 https://registry.npmjs.org/@rollup%2frollup-darwin-x64 40ms (cache revalidated)
656 silly fetch manifest @rollup/rollup-win32-x64-gnu@4.54.0
657 http fetch GET 200 https://registry.npmjs.org/@rollup%2frollup-win32-x64-gnu 37ms (cache revalidated)
658 silly fetch manifest @rollup/rollup-win32-x64-msvc@4.54.0
659 http fetch GET 200 https://registry.npmjs.org/@rollup%2frollup-win32-x64-msvc 35ms (cache revalidated)
660 silly fetch manifest @rollup/rollup-freebsd-x64@4.54.0
661 http fetch GET 200 https://registry.npmjs.org/@rollup%2frollup-freebsd-x64 37ms (cache revalidated)
662 silly fetch manifest @rollup/rollup-linux-x64-gnu@4.54.0
663 http fetch GET 200 https://registry.npmjs.org/@rollup%2frollup-linux-x64-gnu 42ms (cache revalidated)
664 silly fetch manifest @rollup/rollup-linux-x64-musl@4.54.0
665 http fetch GET 200 https://registry.npmjs.org/@rollup%2frollup-linux-x64-musl 36ms (cache revalidated)
666 silly fetch manifest @rollup/rollup-openharmony-arm64@4.54.0
667 http fetch GET 200 https://registry.npmjs.org/@rollup%2frollup-openharmony-arm64 35ms (cache revalidated)
668 silly placeDep ROOT @esbuild/aix-ppc64@0.27.2 OK for: esbuild@0.27.2 want: 0.27.2
669 silly placeDep ROOT @esbuild/android-arm@0.27.2 OK for: esbuild@0.27.2 want: 0.27.2
670 silly placeDep ROOT @esbuild/android-arm64@0.27.2 OK for: esbuild@0.27.2 want: 0.27.2
671 silly placeDep ROOT @esbuild/android-x64@0.27.2 OK for: esbuild@0.27.2 want: 0.27.2
672 silly placeDep ROOT @esbuild/darwin-arm64@0.27.2 OK for: esbuild@0.27.2 want: 0.27.2
673 silly placeDep ROOT @esbuild/darwin-x64@0.27.2 OK for: esbuild@0.27.2 want: 0.27.2
674 silly placeDep ROOT @esbuild/freebsd-arm64@0.27.2 OK for: esbuild@0.27.2 want: 0.27.2
675 silly placeDep ROOT @esbuild/freebsd-x64@0.27.2 OK for: esbuild@0.27.2 want: 0.27.2
676 silly placeDep ROOT @esbuild/linux-arm@0.27.2 OK for: esbuild@0.27.2 want: 0.27.2
677 silly placeDep ROOT @esbuild/linux-arm64@0.27.2 OK for: esbuild@0.27.2 want: 0.27.2
678 silly placeDep ROOT @esbuild/linux-ia32@0.27.2 OK for: esbuild@0.27.2 want: 0.27.2
679 silly placeDep ROOT @esbuild/linux-loong64@0.27.2 OK for: esbuild@0.27.2 want: 0.27.2
680 silly placeDep ROOT @esbuild/linux-mips64el@0.27.2 OK for: esbuild@0.27.2 want: 0.27.2
681 silly placeDep ROOT @esbuild/linux-ppc64@0.27.2 OK for: esbuild@0.27.2 want: 0.27.2
682 silly placeDep ROOT @esbuild/linux-riscv64@0.27.2 OK for: esbuild@0.27.2 want: 0.27.2
683 silly placeDep ROOT @esbuild/linux-s390x@0.27.2 OK for: esbuild@0.27.2 want: 0.27.2
684 silly placeDep ROOT @esbuild/linux-x64@0.27.2 OK for: esbuild@0.27.2 want: 0.27.2
685 silly placeDep ROOT @esbuild/netbsd-arm64@0.27.2 OK for: esbuild@0.27.2 want: 0.27.2
686 silly placeDep ROOT @esbuild/netbsd-x64@0.27.2 OK for: esbuild@0.27.2 want: 0.27.2
687 silly placeDep ROOT @esbuild/openbsd-arm64@0.27.2 OK for: esbuild@0.27.2 want: 0.27.2
688 silly placeDep ROOT @esbuild/openbsd-x64@0.27.2 OK for: esbuild@0.27.2 want: 0.27.2
689 silly placeDep ROOT @esbuild/openharmony-arm64@0.27.2 OK for: esbuild@0.27.2 want: 0.27.2
690 silly placeDep ROOT @esbuild/sunos-x64@0.27.2 OK for: esbuild@0.27.2 want: 0.27.2
691 silly placeDep ROOT @esbuild/win32-arm64@0.27.2 OK for: esbuild@0.27.2 want: 0.27.2
692 silly placeDep ROOT @esbuild/win32-ia32@0.27.2 OK for: esbuild@0.27.2 want: 0.27.2
693 silly placeDep ROOT @esbuild/win32-x64@0.27.2 OK for: esbuild@0.27.2 want: 0.27.2
694 silly placeDep ROOT nanoid@3.3.11 OK for: postcss@8.5.6 want: ^3.3.11
695 silly placeDep ROOT source-map-js@1.2.1 OK for: postcss@8.5.6 want: ^1.2.1
696 silly placeDep ROOT @rollup/rollup-android-arm-eabi@4.54.0 OK for: rollup@4.54.0 want: 4.54.0
697 silly placeDep ROOT @rollup/rollup-android-arm64@4.54.0 OK for: rollup@4.54.0 want: 4.54.0
698 silly placeDep ROOT @rollup/rollup-darwin-arm64@4.54.0 OK for: rollup@4.54.0 want: 4.54.0
699 silly placeDep ROOT @rollup/rollup-darwin-x64@4.54.0 OK for: rollup@4.54.0 want: 4.54.0
700 silly placeDep ROOT @rollup/rollup-freebsd-arm64@4.54.0 OK for: rollup@4.54.0 want: 4.54.0
701 silly placeDep ROOT @rollup/rollup-freebsd-x64@4.54.0 OK for: rollup@4.54.0 want: 4.54.0
702 silly placeDep ROOT @rollup/rollup-linux-arm-gnueabihf@4.54.0 OK for: rollup@4.54.0 want: 4.54.0
703 silly placeDep ROOT @rollup/rollup-linux-arm-musleabihf@4.54.0 OK for: rollup@4.54.0 want: 4.54.0
704 silly placeDep ROOT @rollup/rollup-linux-arm64-gnu@4.54.0 OK for: rollup@4.54.0 want: 4.54.0
705 silly placeDep ROOT @rollup/rollup-linux-arm64-musl@4.54.0 OK for: rollup@4.54.0 want: 4.54.0
706 silly placeDep ROOT @rollup/rollup-linux-loong64-gnu@4.54.0 OK for: rollup@4.54.0 want: 4.54.0
707 silly placeDep ROOT @rollup/rollup-linux-ppc64-gnu@4.54.0 OK for: rollup@4.54.0 want: 4.54.0
708 silly placeDep ROOT @rollup/rollup-linux-riscv64-gnu@4.54.0 OK for: rollup@4.54.0 want: 4.54.0
709 silly placeDep ROOT @rollup/rollup-linux-riscv64-musl@4.54.0 OK for: rollup@4.54.0 want: 4.54.0
710 silly placeDep ROOT @rollup/rollup-linux-s390x-gnu@4.54.0 OK for: rollup@4.54.0 want: 4.54.0
711 silly placeDep ROOT @rollup/rollup-linux-x64-gnu@4.54.0 OK for: rollup@4.54.0 want: 4.54.0
712 silly placeDep ROOT @rollup/rollup-linux-x64-musl@4.54.0 OK for: rollup@4.54.0 want: 4.54.0
713 silly placeDep ROOT @rollup/rollup-openharmony-arm64@4.54.0 OK for: rollup@4.54.0 want: 4.54.0
714 silly placeDep ROOT @rollup/rollup-win32-arm64-msvc@4.54.0 OK for: rollup@4.54.0 want: 4.54.0
715 silly placeDep ROOT @rollup/rollup-win32-ia32-msvc@4.54.0 OK for: rollup@4.54.0 want: 4.54.0
716 silly placeDep ROOT @rollup/rollup-win32-x64-gnu@4.54.0 OK for: rollup@4.54.0 want: 4.54.0
717 silly placeDep ROOT @rollup/rollup-win32-x64-msvc@4.54.0 OK for: rollup@4.54.0 want: 4.54.0
718 silly placeDep ROOT isexe@2.0.0 OK for: which@2.0.2 want: ^2.0.0
719 silly placeDep node_modules/@typescript-eslint/typescript-estree brace-expansion@2.0.2 OK for: minimatch@9.0.5 want: ^2.0.1
720 warn EBADENGINE Unsupported engine {
720 warn EBADENGINE   package: '@vitejs/plugin-react@5.1.2',
720 warn EBADENGINE   required: { node: '^20.19.0 || >=22.12.0' },
720 warn EBADENGINE   current: { node: 'v20.14.0', npm: '10.7.0' }
720 warn EBADENGINE }
721 warn EBADENGINE Unsupported engine {
721 warn EBADENGINE   package: 'vite@7.3.0',
721 warn EBADENGINE   required: { node: '^20.19.0 || >=22.12.0' },
721 warn EBADENGINE   current: { node: 'v20.14.0', npm: '10.7.0' }
721 warn EBADENGINE }
722 silly reify moves {}
723 silly audit bulk request {
723 silly audit   '@eslint/js': [ '9.39.2' ],
723 silly audit   '@types/node': [ '24.10.4' ],
723 silly audit   '@types/react': [ '19.2.7' ],
723 silly audit   '@types/react-dom': [ '19.2.3' ],
723 silly audit   '@vitejs/plugin-react': [ '5.1.2' ],
723 silly audit   vite: [ '7.3.0' ],
723 silly audit   eslint: [ '9.39.2' ],
723 silly audit   'eslint-plugin-react-hooks': [ '7.0.1' ],
723 silly audit   'eslint-plugin-react-refresh': [ '0.4.26' ],
723 silly audit   globals: [ '16.5.0', '14.0.0' ],
723 silly audit   react: [ '19.2.3' ],
723 silly audit   'react-dom': [ '19.2.3' ],
723 silly audit   typescript: [ '5.9.3' ],
723 silly audit   'typescript-eslint': [ '8.51.0' ],
723 silly audit   'undici-types': [ '7.16.0' ],
723 silly audit   csstype: [ '3.2.3' ],
723 silly audit   '@babel/core': [ '7.28.5' ],
723 silly audit   '@babel/plugin-transform-react-jsx-self': [ '7.27.1' ],
723 silly audit   '@babel/plugin-transform-react-jsx-source': [ '7.27.1' ],
723 silly audit   '@rolldown/pluginutils': [ '1.0.0-beta.53' ],
723 silly audit   '@types/babel__core': [ '7.20.5' ],
723 silly audit   'react-refresh': [ '0.18.0' ],
723 silly audit   '@babel/code-frame': [ '7.27.1' ],
723 silly audit   '@babel/generator': [ '7.28.5' ],
723 silly audit   '@babel/helper-compilation-targets': [ '7.27.2' ],
723 silly audit   '@babel/helper-module-transforms': [ '7.28.3' ],
723 silly audit   '@babel/helpers': [ '7.28.4' ],
723 silly audit   '@babel/parser': [ '7.28.5' ],
723 silly audit   '@babel/template': [ '7.27.2' ],
723 silly audit   '@babel/traverse': [ '7.28.5' ],
723 silly audit   '@babel/types': [ '7.28.5' ],
723 silly audit   '@jridgewell/remapping': [ '2.3.5' ],
723 silly audit   'convert-source-map': [ '2.0.0' ],
723 silly audit   debug: [ '4.4.3' ],
723 silly audit   gensync: [ '1.0.0-beta.2' ],
723 silly audit   json5: [ '2.2.3' ],
723 silly audit   semver: [ '6.3.1', '7.7.3' ],
723 silly audit   '@babel/helper-validator-identifier': [ '7.28.5' ],
723 silly audit   'js-tokens': [ '4.0.0' ],
723 silly audit   picocolors: [ '1.1.1' ],
723 silly audit   '@jridgewell/gen-mapping': [ '0.3.13' ],
723 silly audit   '@jridgewell/trace-mapping': [ '0.3.31' ],
723 silly audit   jsesc: [ '3.1.0' ],
723 silly audit   '@babel/compat-data': [ '7.28.5' ],
723 silly audit   '@babel/helper-validator-option': [ '7.27.1' ],
723 silly audit   browserslist: [ '4.28.1' ],
723 silly audit   'lru-cache': [ '5.1.1' ],
723 silly audit   '@babel/helper-module-imports': [ '7.27.1' ],
723 silly audit   '@babel/helper-plugin-utils': [ '7.27.1' ],
723 silly audit   '@babel/helper-globals': [ '7.28.0' ],
723 silly audit   '@babel/helper-string-parser': [ '7.27.1' ],
723 silly audit   '@jridgewell/sourcemap-codec': [ '1.5.5' ],
723 silly audit   '@jridgewell/resolve-uri': [ '3.1.2' ],
723 silly audit   '@types/babel__generator': [ '7.27.0' ],
723 silly audit   '@types/babel__template': [ '7.4.4' ],
723 silly audit   '@types/babel__traverse': [ '7.28.0' ],
723 silly audit   'baseline-browser-mapping': [ '2.9.11' ],
723 silly audit   'caniuse-lite': [ '1.0.30001762' ],
723 silly audit   'electron-to-chromium': [ '1.5.267' ],
723 silly audit   'node-releases': [ '2.0.27' ],
723 silly audit   'update-browserslist-db': [ '1.2.3' ],
723 silly audit   ms: [ '2.1.3' ],
723 silly audit   '@eslint-community/eslint-utils': [ '4.9.1' ],
723 silly audit   '@eslint-community/regexpp': [ '4.12.2' ],
723 silly audit   '@eslint/config-array': [ '0.21.1' ],
723 silly audit   '@eslint/config-helpers': [ '0.4.2' ],
723 silly audit   '@eslint/core': [ '0.17.0' ],
723 silly audit   '@eslint/eslintrc': [ '3.3.3' ],
723 silly audit   '@eslint/plugin-kit': [ '0.4.1' ],
723 silly audit   '@humanfs/node': [ '0.16.7' ],
723 silly audit   '@humanwhocodes/module-importer': [ '1.0.1' ],
723 silly audit   '@humanwhocodes/retry': [ '0.4.3' ],
723 silly audit   '@types/estree': [ '1.0.8' ],
723 silly audit   ajv: [ '6.12.6' ],
723 silly audit   chalk: [ '4.1.2' ],
723 silly audit   'cross-spawn': [ '7.0.6' ],
723 silly audit   'escape-string-regexp': [ '4.0.0' ],
723 silly audit   'eslint-scope': [ '8.4.0' ],
723 silly audit   'eslint-visitor-keys': [ '4.2.1', '3.4.3' ],
723 silly audit   espree: [ '10.4.0' ],
723 silly audit   esquery: [ '1.7.0' ],
723 silly audit   esutils: [ '2.0.3' ],
723 silly audit   'fast-deep-equal': [ '3.1.3' ],
723 silly audit   'file-entry-cache': [ '8.0.0' ],
723 silly audit   'find-up': [ '5.0.0' ],
723 silly audit   'glob-parent': [ '6.0.2' ],
723 silly audit   ignore: [ '5.3.2', '7.0.5' ],
723 silly audit   imurmurhash: [ '0.1.4' ],
723 silly audit   'is-glob': [ '4.0.3' ],
723 silly audit   'json-stable-stringify-without-jsonify': [ '1.0.1' ],
723 silly audit   'lodash.merge': [ '4.6.2' ],
723 silly audit   minimatch: [ '3.1.2', '9.0.5' ],
723 silly audit   'natural-compare': [ '1.4.0' ],
723 silly audit   optionator: [ '0.9.4' ],
723 silly audit   '@eslint/object-schema': [ '2.1.7' ],
723 silly audit   '@types/json-schema': [ '7.0.15' ],
723 silly audit   'import-fresh': [ '3.3.1' ],
723 silly audit   'js-yaml': [ '4.1.1' ],
723 silly audit   'strip-json-comments': [ '3.1.1' ],
723 silly audit   levn: [ '0.4.1' ],
723 silly audit   '@humanfs/core': [ '0.19.1' ],
723 silly audit   'fast-json-stable-stringify': [ '2.1.0' ],
723 silly audit   'json-schema-traverse': [ '0.4.1' ],
723 silly audit   'uri-js': [ '4.4.1' ],
723 silly audit   'ansi-styles': [ '4.3.0' ],
723 silly audit   'supports-color': [ '7.2.0' ],
723 silly audit   'color-convert': [ '2.0.1' ],
723 silly audit   'color-name': [ '1.1.4' ],
723 silly audit   'path-key': [ '3.1.1' ],
723 silly audit   'shebang-command': [ '2.0.0' ],
723 silly audit   which: [ '2.0.2' ],
723 silly audit   'hermes-parser': [ '0.25.1' ],
723 silly audit   zod: [ '4.3.4' ],
723 silly audit   'zod-validation-error': [ '4.0.2' ],
723 silly audit   esrecurse: [ '4.3.0' ],
723 silly audit   estraverse: [ '5.3.0' ],
723 silly audit   acorn: [ '8.15.0' ],
723 silly audit   'acorn-jsx': [ '5.3.2' ],
723 silly audit   'flat-cache': [ '4.0.1' ],
723 silly audit   'locate-path': [ '6.0.0' ],
723 silly audit   'path-exists': [ '4.0.0' ],
723 silly audit   flatted: [ '3.3.3' ],
723 silly audit   keyv: [ '4.5.4' ],
723 silly audit   'hermes-estree': [ '0.25.1' ],
723 silly audit   'parent-module': [ '1.0.1' ],
723 silly audit   'resolve-from': [ '4.0.0' ],
723 silly audit   'is-extglob': [ '2.1.1' ],
723 silly audit   argparse: [ '2.0.1' ],
723 silly audit   'json-buffer': [ '3.0.1' ],
723 silly audit   'prelude-ls': [ '1.2.1' ],
723 silly audit   'type-check': [ '0.4.0' ],
723 silly audit   'p-locate': [ '5.0.0' ],
723 silly audit   yallist: [ '3.1.1' ],
723 silly audit   'brace-expansion': [ '1.1.12', '2.0.2' ],
723 silly audit   'balanced-match': [ '1.0.2' ],
723 silly audit   'concat-map': [ '0.0.1' ],
723 silly audit   'deep-is': [ '0.1.4' ],
723 silly audit   'fast-levenshtein': [ '2.0.6' ],
723 silly audit   'word-wrap': [ '1.2.5' ],
723 silly audit   'p-limit': [ '3.1.0' ],
723 silly audit   'yocto-queue': [ '0.1.0' ],
723 silly audit   callsites: [ '3.1.0' ],
723 silly audit   scheduler: [ '0.27.0' ],
723 silly audit   'shebang-regex': [ '3.0.0' ],
723 silly audit   'has-flag': [ '4.0.0' ],
723 silly audit   '@typescript-eslint/eslint-plugin': [ '8.51.0' ],
723 silly audit   '@typescript-eslint/parser': [ '8.51.0' ],
723 silly audit   '@typescript-eslint/typescript-estree': [ '8.51.0' ],
723 silly audit   '@typescript-eslint/utils': [ '8.51.0' ],
723 silly audit   '@typescript-eslint/scope-manager': [ '8.51.0' ],
723 silly audit   '@typescript-eslint/type-utils': [ '8.51.0' ],
723 silly audit   '@typescript-eslint/visitor-keys': [ '8.51.0' ],
723 silly audit   'ts-api-utils': [ '2.3.0' ],
723 silly audit   '@typescript-eslint/types': [ '8.51.0' ],
723 silly audit   '@typescript-eslint/project-service': [ '8.51.0' ],
723 silly audit   '@typescript-eslint/tsconfig-utils': [ '8.51.0' ],
723 silly audit   tinyglobby: [ '0.2.15' ],
723 silly audit   fdir: [ '6.5.0' ],
723 silly audit   picomatch: [ '4.0.3' ],
723 silly audit   escalade: [ '3.2.0' ],
723 silly audit   punycode: [ '2.3.1' ],
723 silly audit   esbuild: [ '0.27.2' ],
723 silly audit   fsevents: [ '2.3.3' ],
723 silly audit   postcss: [ '8.5.6' ],
723 silly audit   rollup: [ '4.54.0' ],
723 silly audit   '@esbuild/aix-ppc64': [ '0.27.2' ],
723 silly audit   '@esbuild/android-arm': [ '0.27.2' ],
723 silly audit   '@esbuild/android-arm64': [ '0.27.2' ],
723 silly audit   '@esbuild/android-x64': [ '0.27.2' ],
723 silly audit   '@esbuild/darwin-arm64': [ '0.27.2' ],
723 silly audit   '@esbuild/darwin-x64': [ '0.27.2' ],
723 silly audit   '@esbuild/freebsd-arm64': [ '0.27.2' ],
723 silly audit   '@esbuild/freebsd-x64': [ '0.27.2' ],
723 silly audit   '@esbuild/linux-arm': [ '0.27.2' ],
723 silly audit   '@esbuild/linux-arm64': [ '0.27.2' ],
723 silly audit   '@esbuild/linux-ia32': [ '0.27.2' ],
723 silly audit   '@esbuild/linux-loong64': [ '0.27.2' ],
723 silly audit   '@esbuild/linux-mips64el': [ '0.27.2' ],
723 silly audit   '@esbuild/linux-ppc64': [ '0.27.2' ],
723 silly audit   '@esbuild/linux-riscv64': [ '0.27.2' ],
723 silly audit   '@esbuild/linux-s390x': [ '0.27.2' ],
723 silly audit   '@esbuild/linux-x64': [ '0.27.2' ],
723 silly audit   '@esbuild/netbsd-arm64': [ '0.27.2' ],
723 silly audit   '@esbuild/netbsd-x64': [ '0.27.2' ],
723 silly audit   '@esbuild/openbsd-arm64': [ '0.27.2' ],
723 silly audit   '@esbuild/openbsd-x64': [ '0.27.2' ],
723 silly audit   '@esbuild/openharmony-arm64': [ '0.27.2' ],
723 silly audit   '@esbuild/sunos-x64': [ '0.27.2' ],
723 silly audit   '@esbuild/win32-arm64': [ '0.27.2' ],
723 silly audit   '@esbuild/win32-ia32': [ '0.27.2' ],
723 silly audit   '@esbuild/win32-x64': [ '0.27.2' ],
723 silly audit   nanoid: [ '3.3.11' ],
723 silly audit   'source-map-js': [ '1.2.1' ],
723 silly audit   '@rollup/rollup-android-arm-eabi': [ '4.54.0' ],
723 silly audit   '@rollup/rollup-android-arm64': [ '4.54.0' ],
723 silly audit   '@rollup/rollup-darwin-arm64': [ '4.54.0' ],
723 silly audit   '@rollup/rollup-darwin-x64': [ '4.54.0' ],
723 silly audit   '@rollup/rollup-freebsd-arm64': [ '4.54.0' ],
723 silly audit   '@rollup/rollup-freebsd-x64': [ '4.54.0' ],
723 silly audit   '@rollup/rollup-linux-arm-gnueabihf': [ '4.54.0' ],
723 silly audit   '@rollup/rollup-linux-arm-musleabihf': [ '4.54.0' ],
723 silly audit   '@rollup/rollup-linux-arm64-gnu': [ '4.54.0' ],
723 silly audit   '@rollup/rollup-linux-arm64-musl': [ '4.54.0' ],
723 silly audit   '@rollup/rollup-linux-loong64-gnu': [ '4.54.0' ],
723 silly audit   '@rollup/rollup-linux-ppc64-gnu': [ '4.54.0' ],
723 silly audit   '@rollup/rollup-linux-riscv64-gnu': [ '4.54.0' ],
723 silly audit   '@rollup/rollup-linux-riscv64-musl': [ '4.54.0' ],
723 silly audit   '@rollup/rollup-linux-s390x-gnu': [ '4.54.0' ],
723 silly audit   '@rollup/rollup-linux-x64-gnu': [ '4.54.0' ],
723 silly audit   '@rollup/rollup-linux-x64-musl': [ '4.54.0' ],
723 silly audit   '@rollup/rollup-openharmony-arm64': [ '4.54.0' ],
723 silly audit   '@rollup/rollup-win32-arm64-msvc': [ '4.54.0' ],
723 silly audit   '@rollup/rollup-win32-ia32-msvc': [ '4.54.0' ],
723 silly audit   '@rollup/rollup-win32-x64-gnu': [ '4.54.0' ],
723 silly audit   '@rollup/rollup-win32-x64-msvc': [ '4.54.0' ],
723 silly audit   isexe: [ '2.0.0' ]
723 silly audit }
724 verbose reify failed optional dependency /usr/csuser/clouddrive/apps/web/node_modules/@rollup/rollup-win32-x64-msvc
725 silly reify mark deleted [
725 silly reify   '/usr/csuser/clouddrive/apps/web/node_modules/@rollup/rollup-win32-x64-msvc'
725 silly reify ]
726 verbose reify failed optional dependency /usr/csuser/clouddrive/apps/web/node_modules/@rollup/rollup-win32-x64-gnu
727 silly reify mark deleted [
727 silly reify   '/usr/csuser/clouddrive/apps/web/node_modules/@rollup/rollup-win32-x64-gnu'
727 silly reify ]
728 verbose reify failed optional dependency /usr/csuser/clouddrive/apps/web/node_modules/@rollup/rollup-win32-ia32-msvc
729 silly reify mark deleted [
729 silly reify   '/usr/csuser/clouddrive/apps/web/node_modules/@rollup/rollup-win32-ia32-msvc'
729 silly reify ]
730 verbose reify failed optional dependency /usr/csuser/clouddrive/apps/web/node_modules/@rollup/rollup-win32-arm64-msvc
731 silly reify mark deleted [
731 silly reify   '/usr/csuser/clouddrive/apps/web/node_modules/@rollup/rollup-win32-arm64-msvc'
731 silly reify ]
732 verbose reify failed optional dependency /usr/csuser/clouddrive/apps/web/node_modules/@rollup/rollup-openharmony-arm64
733 silly reify mark deleted [
733 silly reify   '/usr/csuser/clouddrive/apps/web/node_modules/@rollup/rollup-openharmony-arm64'
733 silly reify ]
734 verbose reify failed optional dependency /usr/csuser/clouddrive/apps/web/node_modules/@rollup/rollup-linux-x64-musl
735 silly reify mark deleted [
735 silly reify   '/usr/csuser/clouddrive/apps/web/node_modules/@rollup/rollup-linux-x64-musl'
735 silly reify ]
736 verbose reify failed optional dependency /usr/csuser/clouddrive/apps/web/node_modules/@rollup/rollup-linux-s390x-gnu
737 silly reify mark deleted [
737 silly reify   '/usr/csuser/clouddrive/apps/web/node_modules/@rollup/rollup-linux-s390x-gnu'
737 silly reify ]
738 verbose reify failed optional dependency /usr/csuser/clouddrive/apps/web/node_modules/@rollup/rollup-linux-riscv64-musl
739 silly reify mark deleted [
739 silly reify   '/usr/csuser/clouddrive/apps/web/node_modules/@rollup/rollup-linux-riscv64-musl'
739 silly reify ]
740 verbose reify failed optional dependency /usr/csuser/clouddrive/apps/web/node_modules/@rollup/rollup-linux-riscv64-gnu
741 silly reify mark deleted [
741 silly reify   '/usr/csuser/clouddrive/apps/web/node_modules/@rollup/rollup-linux-riscv64-gnu'
741 silly reify ]
742 verbose reify failed optional dependency /usr/csuser/clouddrive/apps/web/node_modules/@rollup/rollup-linux-ppc64-gnu
743 silly reify mark deleted [
743 silly reify   '/usr/csuser/clouddrive/apps/web/node_modules/@rollup/rollup-linux-ppc64-gnu'
743 silly reify ]
744 verbose reify failed optional dependency /usr/csuser/clouddrive/apps/web/node_modules/@rollup/rollup-linux-loong64-gnu
745 silly reify mark deleted [
745 silly reify   '/usr/csuser/clouddrive/apps/web/node_modules/@rollup/rollup-linux-loong64-gnu'
745 silly reify ]
746 verbose reify failed optional dependency /usr/csuser/clouddrive/apps/web/node_modules/@rollup/rollup-linux-arm64-musl
747 silly reify mark deleted [
747 silly reify   '/usr/csuser/clouddrive/apps/web/node_modules/@rollup/rollup-linux-arm64-musl'
747 silly reify ]
748 verbose reify failed optional dependency /usr/csuser/clouddrive/apps/web/node_modules/@rollup/rollup-linux-arm64-gnu
749 silly reify mark deleted [
749 silly reify   '/usr/csuser/clouddrive/apps/web/node_modules/@rollup/rollup-linux-arm64-gnu'
749 silly reify ]
750 verbose reify failed optional dependency /usr/csuser/clouddrive/apps/web/node_modules/@rollup/rollup-linux-arm-musleabihf
751 silly reify mark deleted [
751 silly reify   '/usr/csuser/clouddrive/apps/web/node_modules/@rollup/rollup-linux-arm-musleabihf'
751 silly reify ]
752 verbose reify failed optional dependency /usr/csuser/clouddrive/apps/web/node_modules/@rollup/rollup-linux-arm-gnueabihf
753 silly reify mark deleted [
753 silly reify   '/usr/csuser/clouddrive/apps/web/node_modules/@rollup/rollup-linux-arm-gnueabihf'
753 silly reify ]
754 verbose reify failed optional dependency /usr/csuser/clouddrive/apps/web/node_modules/@rollup/rollup-freebsd-x64
755 silly reify mark deleted [
755 silly reify   '/usr/csuser/clouddrive/apps/web/node_modules/@rollup/rollup-freebsd-x64'
755 silly reify ]
756 verbose reify failed optional dependency /usr/csuser/clouddrive/apps/web/node_modules/@rollup/rollup-freebsd-arm64
757 silly reify mark deleted [
757 silly reify   '/usr/csuser/clouddrive/apps/web/node_modules/@rollup/rollup-freebsd-arm64'
757 silly reify ]
758 verbose reify failed optional dependency /usr/csuser/clouddrive/apps/web/node_modules/@rollup/rollup-darwin-x64
759 silly reify mark deleted [
759 silly reify   '/usr/csuser/clouddrive/apps/web/node_modules/@rollup/rollup-darwin-x64'
759 silly reify ]
760 verbose reify failed optional dependency /usr/csuser/clouddrive/apps/web/node_modules/@rollup/rollup-darwin-arm64
761 silly reify mark deleted [
761 silly reify   '/usr/csuser/clouddrive/apps/web/node_modules/@rollup/rollup-darwin-arm64'
761 silly reify ]
762 verbose reify failed optional dependency /usr/csuser/clouddrive/apps/web/node_modules/@rollup/rollup-android-arm64
763 silly reify mark deleted [
763 silly reify   '/usr/csuser/clouddrive/apps/web/node_modules/@rollup/rollup-android-arm64'
763 silly reify ]
764 verbose reify failed optional dependency /usr/csuser/clouddrive/apps/web/node_modules/@rollup/rollup-android-arm-eabi
765 silly reify mark deleted [
765 silly reify   '/usr/csuser/clouddrive/apps/web/node_modules/@rollup/rollup-android-arm-eabi'
765 silly reify ]
766 verbose reify failed optional dependency /usr/csuser/clouddrive/apps/web/node_modules/@esbuild/win32-x64
767 silly reify mark deleted [ '/usr/csuser/clouddrive/apps/web/node_modules/@esbuild/win32-x64' ]
768 verbose reify failed optional dependency /usr/csuser/clouddrive/apps/web/node_modules/@esbuild/win32-ia32
769 silly reify mark deleted [ '/usr/csuser/clouddrive/apps/web/node_modules/@esbuild/win32-ia32' ]
770 verbose reify failed optional dependency /usr/csuser/clouddrive/apps/web/node_modules/@esbuild/win32-arm64
771 silly reify mark deleted [ '/usr/csuser/clouddrive/apps/web/node_modules/@esbuild/win32-arm64' ]
772 verbose reify failed optional dependency /usr/csuser/clouddrive/apps/web/node_modules/@esbuild/sunos-x64
773 silly reify mark deleted [ '/usr/csuser/clouddrive/apps/web/node_modules/@esbuild/sunos-x64' ]
774 verbose reify failed optional dependency /usr/csuser/clouddrive/apps/web/node_modules/@esbuild/openharmony-arm64
775 silly reify mark deleted [
775 silly reify   '/usr/csuser/clouddrive/apps/web/node_modules/@esbuild/openharmony-arm64'
775 silly reify ]
776 verbose reify failed optional dependency /usr/csuser/clouddrive/apps/web/node_modules/@esbuild/openbsd-x64
777 silly reify mark deleted [ '/usr/csuser/clouddrive/apps/web/node_modules/@esbuild/openbsd-x64' ]
778 verbose reify failed optional dependency /usr/csuser/clouddrive/apps/web/node_modules/@esbuild/openbsd-arm64
779 silly reify mark deleted [
779 silly reify   '/usr/csuser/clouddrive/apps/web/node_modules/@esbuild/openbsd-arm64'
779 silly reify ]
780 verbose reify failed optional dependency /usr/csuser/clouddrive/apps/web/node_modules/@esbuild/netbsd-x64
781 silly reify mark deleted [ '/usr/csuser/clouddrive/apps/web/node_modules/@esbuild/netbsd-x64' ]
782 verbose reify failed optional dependency /usr/csuser/clouddrive/apps/web/node_modules/@esbuild/netbsd-arm64
783 silly reify mark deleted [
783 silly reify   '/usr/csuser/clouddrive/apps/web/node_modules/@esbuild/netbsd-arm64'
783 silly reify ]
784 verbose reify failed optional dependency /usr/csuser/clouddrive/apps/web/node_modules/@esbuild/linux-s390x
785 silly reify mark deleted [ '/usr/csuser/clouddrive/apps/web/node_modules/@esbuild/linux-s390x' ]
786 verbose reify failed optional dependency /usr/csuser/clouddrive/apps/web/node_modules/@esbuild/linux-riscv64
787 silly reify mark deleted [
787 silly reify   '/usr/csuser/clouddrive/apps/web/node_modules/@esbuild/linux-riscv64'
787 silly reify ]
788 verbose reify failed optional dependency /usr/csuser/clouddrive/apps/web/node_modules/@esbuild/linux-ppc64
789 silly reify mark deleted [ '/usr/csuser/clouddrive/apps/web/node_modules/@esbuild/linux-ppc64' ]
790 verbose reify failed optional dependency /usr/csuser/clouddrive/apps/web/node_modules/@esbuild/linux-mips64el
791 silly reify mark deleted [
791 silly reify   '/usr/csuser/clouddrive/apps/web/node_modules/@esbuild/linux-mips64el'
791 silly reify ]
792 verbose reify failed optional dependency /usr/csuser/clouddrive/apps/web/node_modules/@esbuild/linux-loong64
793 silly reify mark deleted [
793 silly reify   '/usr/csuser/clouddrive/apps/web/node_modules/@esbuild/linux-loong64'
793 silly reify ]
794 verbose reify failed optional dependency /usr/csuser/clouddrive/apps/web/node_modules/@esbuild/linux-ia32
795 silly reify mark deleted [ '/usr/csuser/clouddrive/apps/web/node_modules/@esbuild/linux-ia32' ]
796 verbose reify failed optional dependency /usr/csuser/clouddrive/apps/web/node_modules/@esbuild/linux-arm64
797 silly reify mark deleted [ '/usr/csuser/clouddrive/apps/web/node_modules/@esbuild/linux-arm64' ]
798 verbose reify failed optional dependency /usr/csuser/clouddrive/apps/web/node_modules/@esbuild/linux-arm
799 silly reify mark deleted [ '/usr/csuser/clouddrive/apps/web/node_modules/@esbuild/linux-arm' ]
800 verbose reify failed optional dependency /usr/csuser/clouddrive/apps/web/node_modules/@esbuild/freebsd-x64
801 silly reify mark deleted [ '/usr/csuser/clouddrive/apps/web/node_modules/@esbuild/freebsd-x64' ]
802 verbose reify failed optional dependency /usr/csuser/clouddrive/apps/web/node_modules/@esbuild/freebsd-arm64
803 silly reify mark deleted [
803 silly reify   '/usr/csuser/clouddrive/apps/web/node_modules/@esbuild/freebsd-arm64'
803 silly reify ]
804 verbose reify failed optional dependency /usr/csuser/clouddrive/apps/web/node_modules/@esbuild/darwin-x64
805 silly reify mark deleted [ '/usr/csuser/clouddrive/apps/web/node_modules/@esbuild/darwin-x64' ]
806 verbose reify failed optional dependency /usr/csuser/clouddrive/apps/web/node_modules/@esbuild/darwin-arm64
807 silly reify mark deleted [
807 silly reify   '/usr/csuser/clouddrive/apps/web/node_modules/@esbuild/darwin-arm64'
807 silly reify ]
808 verbose reify failed optional dependency /usr/csuser/clouddrive/apps/web/node_modules/@esbuild/android-x64
809 silly reify mark deleted [ '/usr/csuser/clouddrive/apps/web/node_modules/@esbuild/android-x64' ]
810 verbose reify failed optional dependency /usr/csuser/clouddrive/apps/web/node_modules/@esbuild/android-arm64
811 silly reify mark deleted [
811 silly reify   '/usr/csuser/clouddrive/apps/web/node_modules/@esbuild/android-arm64'
811 silly reify ]
812 verbose reify failed optional dependency /usr/csuser/clouddrive/apps/web/node_modules/@esbuild/android-arm
813 silly reify mark deleted [ '/usr/csuser/clouddrive/apps/web/node_modules/@esbuild/android-arm' ]
814 verbose reify failed optional dependency /usr/csuser/clouddrive/apps/web/node_modules/@esbuild/aix-ppc64
815 silly reify mark deleted [ '/usr/csuser/clouddrive/apps/web/node_modules/@esbuild/aix-ppc64' ]
816 verbose reify failed optional dependency /usr/csuser/clouddrive/apps/web/node_modules/fsevents
817 silly reify mark deleted [ '/usr/csuser/clouddrive/apps/web/node_modules/fsevents' ]
818 http fetch POST 200 https://registry.npmjs.org/-/npm/v1/security/advisories/bulk 1971ms
819 silly audit report {}
820 verbose stack Error: ENOTSUP: operation not supported on socket, symlink '../@babel/parser/bin/babel-parser.js' -> '/usr/csuser/clouddrive/apps/web/node_modules/.bin/parser'
820 verbose stack     at async symlink (node:internal/fs/promises:997:10)
820 verbose stack     at async Promise.all (index 0)
820 verbose stack     at async Promise.all (index 0)
820 verbose stack     at async #createBinLinks (/usr/lib/node_modules/npm/node_modules/@npmcli/arborist/lib/arborist/rebuild.js:394:5)
820 verbose stack     at async Promise.allSettled (index 0)
820 verbose stack     at async #linkAllBins (/usr/lib/node_modules/npm/node_modules/@npmcli/arborist/lib/arborist/rebuild.js:375:5)
820 verbose stack     at async #build (/usr/lib/node_modules/npm/node_modules/@npmcli/arborist/lib/arborist/rebuild.js:160:7)
820 verbose stack     at async Arborist.rebuild (/usr/lib/node_modules/npm/node_modules/@npmcli/arborist/lib/arborist/rebuild.js:62:5)
820 verbose stack     at async [reifyPackages] (/usr/lib/node_modules/npm/node_modules/@npmcli/arborist/lib/arborist/reify.js:325:11)
820 verbose stack     at async Arborist.reify (/usr/lib/node_modules/npm/node_modules/@npmcli/arborist/lib/arborist/reify.js:142:5)
821 verbose cwd /usr/csuser/clouddrive/apps/web
822 verbose Linux 6.1.91.1-microsoft-standard
823 verbose node v20.14.0
824 verbose npm  v10.7.0
825 error code ENOTSUP
826 error syscall symlink
827 error path ../@babel/parser/bin/babel-parser.js
828 error dest /usr/csuser/clouddrive/apps/web/node_modules/.bin/parser
829 error errno -95
830 error ENOTSUP: operation not supported on socket, symlink '../@babel/parser/bin/babel-parser.js' -> '/usr/csuser/clouddrive/apps/web/node_modules/.bin/parser'
831 verbose exit -95
832 verbose code -95
833 silly unfinished npm timer reify 1767349762377
834 silly unfinished npm timer reify:build 1767349872309
835 silly unfinished npm timer build 1767349872310
836 silly unfinished npm timer build:deps 1767349872310
837 silly unfinished npm timer build:link 1767349872975
838 silly unfinished npm timer build:link:node_modules/@babel/parser 1767349872975
839 silly unfinished npm timer build:link:node_modules/acorn 1767349872976
840 silly unfinished npm timer build:link:node_modules/baseline-browser-mapping 1767349872976
841 silly unfinished npm timer build:link:node_modules/browserslist 1767349872976
842 silly unfinished npm timer build:link:node_modules/esbuild 1767349872976
843 silly unfinished npm timer build:link:node_modules/eslint 1767349872976
844 silly unfinished npm timer build:link:node_modules/js-yaml 1767349872976
845 silly unfinished npm timer build:link:node_modules/jsesc 1767349872976
846 silly unfinished npm timer build:link:node_modules/json5 1767349872976
847 silly unfinished npm timer build:link:node_modules/nanoid 1767349872977
848 silly unfinished npm timer build:link:node_modules/rollup 1767349872977
849 silly unfinished npm timer build:link:node_modules/semver 1767349872977
850 silly unfinished npm timer build:link:node_modules/typescript 1767349872977
851 silly unfinished npm timer build:link:node_modules/update-browserslist-db 1767349872977
852 silly unfinished npm timer build:link:node_modules/vite 1767349872977
853 silly unfinished npm timer build:link:node_modules/which 1767349872977
854 silly unfinished npm timer build:link:node_modules/@typescript-eslint/typescript-estree/node_modules/semver 1767349872977
855 error A complete log of this run can be found in: /home/admin/.npm/_logs/2026-01-02T10_29_22_084Z-debug-0.log
