0 verbose cli /usr/bin/node /usr/bin/npm
1 info using npm@10.7.0
2 info using node@v20.14.0
3 silly config:load:file:/usr/lib/node_modules/npm/npmrc
4 silly config:load:file:/usr/csuser/clouddrive/.npmrc
5 silly config:load:file:/home/admin/.npmrc
6 silly config:load:file:/usr/etc/npmrc
7 verbose title npm create vite@latest apps/web --template react-ts
8 verbose argv "create" "vite@latest" "apps/web" "--" "--template" "react-ts"
9 verbose logfile logs-max:10 dir:/home/admin/.npm/_logs/2026-01-02T10_15_31_143Z-
10 verbose logfile /home/admin/.npm/_logs/2026-01-02T10_15_31_143Z-debug-0.log
11 silly logfile done cleaning log files
12 http fetch GET 200 https://registry.npmjs.org/create-vite 85ms (cache revalidated)
13 silly idealTree buildDeps
14 silly fetch manifest create-vite@8.2.0
15 http fetch GET 200 https://registry.npmjs.org/create-vite 44ms (cache miss)
16 silly placeDep ROOT create-vite@8.2.0 OK for:  want: 8.2.0
17 warn EBADENGINE Unsupported engine {
17 warn EBADENGINE   package: 'create-vite@8.2.0',
17 warn EBADENGINE   required: { node: '^20.19.0 || >=22.12.0' },
17 warn EBADENGINE   current: { node: 'v20.14.0', npm: '10.7.0' }
17 warn EBADENGINE }
18 silly reify moves {}
19 silly audit bulk request { 'create-vite': [ '8.2.0' ] }
20 silly tarball no local data for create-vite@https://registry.npmjs.org/create-vite/-/create-vite-8.2.0.tgz. Extracting by manifest.
21 http fetch GET 200 https://registry.npmjs.org/create-vite/-/create-vite-8.2.0.tgz 135ms (cache miss)
22 http fetch POST 200 https://registry.npmjs.org/-/npm/v1/security/advisories/bulk 174ms
23 silly audit report {}
24 verbose stack Error: command failed
24 verbose stack     at ChildProcess.<anonymous> (/usr/lib/node_modules/npm/node_modules/@npmcli/promise-spawn/lib/index.js:53:27)
24 verbose stack     at ChildProcess.emit (node:events:519:28)
24 verbose stack     at maybeClose (node:internal/child_process:1105:16)
24 verbose stack     at ChildProcess._handle.onexit (node:internal/child_process:305:5)
25 verbose cwd /usr/csuser/clouddrive
26 verbose Linux 6.1.91.1-microsoft-standard
27 verbose node v20.14.0
28 verbose npm  v10.7.0
29 error code 161
30 error path /usr/csuser/clouddrive
31 error command failed
32 error command sh -c create-vite apps/web --template react-ts
33 verbose exit 161
34 verbose code 161
35 error A complete log of this run can be found in: /home/admin/.npm/_logs/2026-01-02T10_15_31_143Z-debug-0.log
