4980 : 2026-01-02 07:25:55,660 : INFO : telemetry.main : Attempt start. Configuration directory [/home/admin/.azure]. Cache directory [/home/admin/.azure/telemetry/20260102072555523].
4980 : 2026-01-02 07:25:55,660 : INFO : telemetry.records : 1 cache files to upload.
4980 : 2026-01-02 07:25:55,661 : INFO : telemetry.records : Processed file /home/admin/.azure/telemetry/20260102072555523/cache into 1 records.
4980 : 2026-01-02 07:25:55,661 : INFO : telemetry.records : Remove directory /home/admin/.azure/telemetry/20260102072555523
4980 : 2026-01-02 07:25:55,661 : INFO : telemetry.client : Accumulated 1 events. Flush the clients.
4980 : 2026-01-02 07:25:55,661 : INFO : telemetry.client : Flush client c4395b75-49cc-422c-bc95-c7d51aef5d46.
4980 : 2026-01-02 07:25:55,816 : INFO : telemetry.sender : Sending 4414 bytes
4980 : 2026-01-02 07:25:55,816 : INFO : telemetry.sender : Finish uploading in 0.154772 seconds.
5004 : 2026-01-02 07:25:57,468 : INFO : telemetry.main : Attempt start. Configuration directory [/home/admin/.azure]. Cache directory [/home/admin/.azure/telemetry/20260102072557274].
5004 : 2026-01-02 07:25:57,468 : INFO : telemetry.records : 1 cache files to upload.
5004 : 2026-01-02 07:25:57,469 : INFO : telemetry.records : Processed file /home/admin/.azure/telemetry/20260102072557274/cache into 1 records.
5004 : 2026-01-02 07:25:57,469 : INFO : telemetry.records : Remove directory /home/admin/.azure/telemetry/20260102072557274
5004 : 2026-01-02 07:25:57,469 : INFO : telemetry.client : Accumulated 1 events. Flush the clients.
5004 : 2026-01-02 07:25:57,469 : INFO : telemetry.client : Flush client c4395b75-49cc-422c-bc95-c7d51aef5d46.
5004 : 2026-01-02 07:25:57,613 : INFO : telemetry.sender : Sending 4314 bytes
5004 : 2026-01-02 07:25:57,613 : INFO : telemetry.sender : Finish uploading in 0.144009 seconds.
5013 : 2026-01-02 07:25:57,715 : INFO : telemetry.main : Attempt start. Configuration directory [/home/admin/.azure]. Cache directory [/home/admin/.azure/telemetry/20260102072557555].
5013 : 2026-01-02 07:25:57,715 : INFO : telemetry.records : 1 cache files to upload.
5013 : 2026-01-02 07:25:57,715 : INFO : telemetry.records : Processed file /home/admin/.azure/telemetry/20260102072557555/cache into 1 records.
5013 : 2026-01-02 07:25:57,716 : INFO : telemetry.records : Remove directory /home/admin/.azure/telemetry/20260102072557555
5013 : 2026-01-02 07:25:57,716 : INFO : telemetry.client : Accumulated 1 events. Flush the clients.
5013 : 2026-01-02 07:25:57,716 : INFO : telemetry.client : Flush client c4395b75-49cc-422c-bc95-c7d51aef5d46.
5013 : 2026-01-02 07:25:57,931 : INFO : telemetry.sender : Sending 4395 bytes
5013 : 2026-01-02 07:25:57,931 : INFO : telemetry.sender : Finish uploading in 0.214764 seconds.
5049 : 2026-01-02 07:25:58,994 : INFO : telemetry.main : Attempt start. Configuration directory [/home/admin/.azure]. Cache directory [/home/admin/.azure/telemetry/20260102072558790].
5049 : 2026-01-02 07:25:58,994 : INFO : telemetry.records : 1 cache files to upload.
5049 : 2026-01-02 07:25:58,994 : INFO : telemetry.records : Processed file /home/admin/.azure/telemetry/20260102072558790/cache into 1 records.
5049 : 2026-01-02 07:25:58,994 : INFO : telemetry.records : Remove directory /home/admin/.azure/telemetry/20260102072558790
5049 : 2026-01-02 07:25:58,995 : INFO : telemetry.client : Accumulated 1 events. Flush the clients.
5049 : 2026-01-02 07:25:58,995 : INFO : telemetry.client : Flush client c4395b75-49cc-422c-bc95-c7d51aef5d46.
5049 : 2026-01-02 07:25:59,174 : INFO : telemetry.sender : Sending 4427 bytes
5049 : 2026-01-02 07:25:59,174 : INFO : telemetry.sender : Finish uploading in 0.179004 seconds.
7559 : 2026-01-02 08:50:02,580 : INFO : telemetry.main : Attempt start. Configuration directory [/home/admin/.azure]. Cache directory [/home/admin/.azure/telemetry/20260102085002444].
7559 : 2026-01-02 08:50:02,581 : INFO : telemetry.records : 1 cache files to upload.
7559 : 2026-01-02 08:50:02,581 : INFO : telemetry.records : Processed file /home/admin/.azure/telemetry/20260102085002444/cache into 1 records.
7559 : 2026-01-02 08:50:02,581 : INFO : telemetry.records : Remove directory /home/admin/.azure/telemetry/20260102085002444
7559 : 2026-01-02 08:50:02,582 : INFO : telemetry.client : Accumulated 1 events. Flush the clients.
7559 : 2026-01-02 08:50:02,582 : INFO : telemetry.client : Flush client c4395b75-49cc-422c-bc95-c7d51aef5d46.
7559 : 2026-01-02 08:50:02,809 : INFO : telemetry.sender : Sending 4760 bytes
7559 : 2026-01-02 08:50:02,809 : INFO : telemetry.sender : Finish uploading in 0.226894 seconds.
7583 : 2026-01-02 08:50:18,836 : INFO : telemetry.main : Attempt start. Configuration directory [/home/admin/.azure]. Cache directory [/home/admin/.azure/telemetry/20260102085018709].
7583 : 2026-01-02 08:50:18,836 : INFO : telemetry.records : 1 cache files to upload.
7583 : 2026-01-02 08:50:18,836 : INFO : telemetry.records : Processed file /home/admin/.azure/telemetry/20260102085018709/cache into 1 records.
7583 : 2026-01-02 08:50:18,836 : INFO : telemetry.records : Remove directory /home/admin/.azure/telemetry/20260102085018709
7583 : 2026-01-02 08:50:18,837 : INFO : telemetry.client : Accumulated 1 events. Flush the clients.
7583 : 2026-01-02 08:50:18,837 : INFO : telemetry.client : Flush client c4395b75-49cc-422c-bc95-c7d51aef5d46.
7583 : 2026-01-02 08:50:18,964 : INFO : telemetry.sender : Sending 4750 bytes
7583 : 2026-01-02 08:50:18,965 : INFO : telemetry.sender : Finish uploading in 0.127637 seconds.
7671 : 2026-01-02 08:52:43,537 : INFO : telemetry.main : Attempt start. Configuration directory [/home/admin/.azure]. Cache directory [/home/admin/.azure/telemetry/20260102085243414].
7671 : 2026-01-02 08:52:43,537 : INFO : telemetry.records : 1 cache files to upload.
7671 : 2026-01-02 08:52:43,537 : INFO : telemetry.records : Processed file /home/admin/.azure/telemetry/20260102085243414/cache into 1 records.
7671 : 2026-01-02 08:52:43,537 : INFO : telemetry.records : Remove directory /home/admin/.azure/telemetry/20260102085243414
7671 : 2026-01-02 08:52:43,538 : INFO : telemetry.client : Accumulated 1 events. Flush the clients.
7671 : 2026-01-02 08:52:43,538 : INFO : telemetry.client : Flush client c4395b75-49cc-422c-bc95-c7d51aef5d46.
7671 : 2026-01-02 08:52:43,679 : INFO : telemetry.sender : Sending 4975 bytes
7671 : 2026-01-02 08:52:43,679 : INFO : telemetry.sender : Finish uploading in 0.140947 seconds.
7758 : 2026-01-02 08:55:29,767 : INFO : telemetry.main : Attempt start. Configuration directory [/home/admin/.azure]. Cache directory [/home/admin/.azure/telemetry/20260102085529650].
7758 : 2026-01-02 08:55:29,767 : INFO : telemetry.records : 1 cache files to upload.
7758 : 2026-01-02 08:55:29,768 : INFO : telemetry.records : Processed file /home/admin/.azure/telemetry/20260102085529650/cache into 1 records.
7758 : 2026-01-02 08:55:29,768 : INFO : telemetry.records : Remove directory /home/admin/.azure/telemetry/20260102085529650
7758 : 2026-01-02 08:55:29,768 : INFO : telemetry.client : Accumulated 1 events. Flush the clients.
7758 : 2026-01-02 08:55:29,768 : INFO : telemetry.client : Flush client c4395b75-49cc-422c-bc95-c7d51aef5d46.
7758 : 2026-01-02 08:55:29,901 : INFO : telemetry.sender : Sending 5395 bytes
7758 : 2026-01-02 08:55:29,902 : INFO : telemetry.sender : Finish uploading in 0.133044 seconds.
7798 : 2026-01-02 08:56:23,020 : INFO : telemetry.main : Attempt start. Configuration directory [/home/admin/.azure]. Cache directory [/home/admin/.azure/telemetry/20260102085622915].
7798 : 2026-01-02 08:56:23,020 : INFO : telemetry.records : 1 cache files to upload.
7798 : 2026-01-02 08:56:23,020 : INFO : telemetry.records : Processed file /home/admin/.azure/telemetry/20260102085622915/cache into 1 records.
7798 : 2026-01-02 08:56:23,021 : INFO : telemetry.records : Remove directory /home/admin/.azure/telemetry/20260102085622915
7798 : 2026-01-02 08:56:23,021 : INFO : telemetry.client : Accumulated 1 events. Flush the clients.
7798 : 2026-01-02 08:56:23,021 : INFO : telemetry.client : Flush client c4395b75-49cc-422c-bc95-c7d51aef5d46.
7798 : 2026-01-02 08:56:23,184 : INFO : telemetry.sender : Sending 4419 bytes
7798 : 2026-01-02 08:56:23,184 : INFO : telemetry.sender : Finish uploading in 0.163183 seconds.
7821 : 2026-01-02 08:56:38,498 : INFO : telemetry.main : Attempt start. Configuration directory [/home/admin/.azure]. Cache directory [/home/admin/.azure/telemetry/20260102085638387].
7821 : 2026-01-02 08:56:38,498 : INFO : telemetry.records : 1 cache files to upload.
7821 : 2026-01-02 08:56:38,498 : INFO : telemetry.records : Processed file /home/admin/.azure/telemetry/20260102085638387/cache into 1 records.
7821 : 2026-01-02 08:56:38,498 : INFO : telemetry.records : Remove directory /home/admin/.azure/telemetry/20260102085638387
7821 : 2026-01-02 08:56:38,499 : INFO : telemetry.client : Accumulated 1 events. Flush the clients.
7821 : 2026-01-02 08:56:38,499 : INFO : telemetry.client : Flush client c4395b75-49cc-422c-bc95-c7d51aef5d46.
7821 : 2026-01-02 08:56:38,635 : INFO : telemetry.sender : Sending 4419 bytes
7821 : 2026-01-02 08:56:38,635 : INFO : telemetry.sender : Finish uploading in 0.136622 seconds.
7845 : 2026-01-02 08:57:00,451 : INFO : telemetry.main : Attempt start. Configuration directory [/home/admin/.azure]. Cache directory [/home/admin/.azure/telemetry/20260102085700324].
7845 : 2026-01-02 08:57:00,451 : INFO : telemetry.records : 1 cache files to upload.
7845 : 2026-01-02 08:57:00,451 : INFO : telemetry.records : Processed file /home/admin/.azure/telemetry/20260102085700324/cache into 1 records.
7845 : 2026-01-02 08:57:00,451 : INFO : telemetry.records : Remove directory /home/admin/.azure/telemetry/20260102085700324
7845 : 2026-01-02 08:57:00,451 : INFO : telemetry.client : Accumulated 1 events. Flush the clients.
7845 : 2026-01-02 08:57:00,452 : INFO : telemetry.client : Flush client c4395b75-49cc-422c-bc95-c7d51aef5d46.
7845 : 2026-01-02 08:57:00,582 : INFO : telemetry.sender : Sending 4419 bytes
7845 : 2026-01-02 08:57:00,582 : INFO : telemetry.sender : Finish uploading in 0.130646 seconds.
7870 : 2026-01-02 08:57:20,049 : INFO : telemetry.main : Attempt start. Configuration directory [/home/admin/.azure]. Cache directory [/home/admin/.azure/telemetry/20260102085719930].
7870 : 2026-01-02 08:57:20,050 : INFO : telemetry.records : 1 cache files to upload.
7870 : 2026-01-02 08:57:20,050 : INFO : telemetry.records : Processed file /home/admin/.azure/telemetry/20260102085719930/cache into 1 records.
7870 : 2026-01-02 08:57:20,050 : INFO : telemetry.records : Remove directory /home/admin/.azure/telemetry/20260102085719930
7870 : 2026-01-02 08:57:20,050 : INFO : telemetry.client : Accumulated 1 events. Flush the clients.
7870 : 2026-01-02 08:57:20,051 : INFO : telemetry.client : Flush client c4395b75-49cc-422c-bc95-c7d51aef5d46.
7870 : 2026-01-02 08:57:20,184 : INFO : telemetry.sender : Sending 4402 bytes
7870 : 2026-01-02 08:57:20,184 : INFO : telemetry.sender : Finish uploading in 0.133142 seconds.
7895 : 2026-01-02 08:57:41,166 : INFO : telemetry.main : Attempt start. Configuration directory [/home/admin/.azure]. Cache directory [/home/admin/.azure/telemetry/20260102085741040].
7895 : 2026-01-02 08:57:41,166 : INFO : telemetry.records : 1 cache files to upload.
7895 : 2026-01-02 08:57:41,166 : INFO : telemetry.records : Processed file /home/admin/.azure/telemetry/20260102085741040/cache into 1 records.
7895 : 2026-01-02 08:57:41,166 : INFO : telemetry.records : Remove directory /home/admin/.azure/telemetry/20260102085741040
7895 : 2026-01-02 08:57:41,167 : INFO : telemetry.client : Accumulated 1 events. Flush the clients.
7895 : 2026-01-02 08:57:41,167 : INFO : telemetry.client : Flush client c4395b75-49cc-422c-bc95-c7d51aef5d46.
7895 : 2026-01-02 08:57:41,310 : INFO : telemetry.sender : Sending 4419 bytes
7895 : 2026-01-02 08:57:41,310 : INFO : telemetry.sender : Finish uploading in 0.143272 seconds.
7918 : 2026-01-02 08:57:51,632 : INFO : telemetry.main : Attempt start. Configuration directory [/home/admin/.azure]. Cache directory [/home/admin/.azure/telemetry/20260102085751521].
7918 : 2026-01-02 08:57:51,632 : INFO : telemetry.records : 1 cache files to upload.
7918 : 2026-01-02 08:57:51,633 : INFO : telemetry.records : Processed file /home/admin/.azure/telemetry/20260102085751521/cache into 1 records.
7918 : 2026-01-02 08:57:51,633 : INFO : telemetry.records : Remove directory /home/admin/.azure/telemetry/20260102085751521
7918 : 2026-01-02 08:57:51,633 : INFO : telemetry.client : Accumulated 1 events. Flush the clients.
7918 : 2026-01-02 08:57:51,633 : INFO : telemetry.client : Flush client c4395b75-49cc-422c-bc95-c7d51aef5d46.
7918 : 2026-01-02 08:57:51,764 : INFO : telemetry.sender : Sending 4402 bytes
7918 : 2026-01-02 08:57:51,764 : INFO : telemetry.sender : Finish uploading in 0.130568 seconds.
7942 : 2026-01-02 08:58:09,597 : INFO : telemetry.main : Attempt start. Configuration directory [/home/admin/.azure]. Cache directory [/home/admin/.azure/telemetry/20260102085809489].
7942 : 2026-01-02 08:58:09,597 : INFO : telemetry.records : 1 cache files to upload.
7942 : 2026-01-02 08:58:09,597 : INFO : telemetry.records : Processed file /home/admin/.azure/telemetry/20260102085809489/cache into 1 records.
7942 : 2026-01-02 08:58:09,598 : INFO : telemetry.records : Remove directory /home/admin/.azure/telemetry/20260102085809489
7942 : 2026-01-02 08:58:09,598 : INFO : telemetry.client : Accumulated 1 events. Flush the clients.
7942 : 2026-01-02 08:58:09,598 : INFO : telemetry.client : Flush client c4395b75-49cc-422c-bc95-c7d51aef5d46.
7942 : 2026-01-02 08:58:09,729 : INFO : telemetry.sender : Sending 4402 bytes
7942 : 2026-01-02 08:58:09,729 : INFO : telemetry.sender : Finish uploading in 0.130748 seconds.
7956 : 2026-01-02 08:58:24,968 : INFO : telemetry.main : Attempt start. Configuration directory [/home/admin/.azure]. Cache directory [/home/admin/.azure/telemetry/20260102085824864].
7956 : 2026-01-02 08:58:24,968 : INFO : telemetry.records : 1 cache files to upload.
7956 : 2026-01-02 08:58:24,968 : INFO : telemetry.records : Processed file /home/admin/.azure/telemetry/20260102085824864/cache into 1 records.
7956 : 2026-01-02 08:58:24,968 : INFO : telemetry.records : Remove directory /home/admin/.azure/telemetry/20260102085824864
7956 : 2026-01-02 08:58:24,969 : INFO : telemetry.client : Accumulated 1 events. Flush the clients.
7956 : 2026-01-02 08:58:24,969 : INFO : telemetry.client : Flush client c4395b75-49cc-422c-bc95-c7d51aef5d46.
7956 : 2026-01-02 08:58:25,108 : INFO : telemetry.sender : Sending 4402 bytes
7956 : 2026-01-02 08:58:25,108 : INFO : telemetry.sender : Finish uploading in 0.139635 seconds.
7979 : 2026-01-02 08:58:32,841 : INFO : telemetry.main : Attempt start. Configuration directory [/home/admin/.azure]. Cache directory [/home/admin/.azure/telemetry/20260102085832685].
7979 : 2026-01-02 08:58:32,842 : INFO : telemetry.records : 1 cache files to upload.
7979 : 2026-01-02 08:58:32,842 : INFO : telemetry.records : Processed file /home/admin/.azure/telemetry/20260102085832685/cache into 1 records.
7979 : 2026-01-02 08:58:32,842 : INFO : telemetry.records : Remove directory /home/admin/.azure/telemetry/20260102085832685
7979 : 2026-01-02 08:58:32,843 : INFO : telemetry.client : Accumulated 1 events. Flush the clients.
7979 : 2026-01-02 08:58:32,843 : INFO : telemetry.client : Flush client c4395b75-49cc-422c-bc95-c7d51aef5d46.
7979 : 2026-01-02 08:58:32,988 : INFO : telemetry.sender : Sending 4749 bytes
7979 : 2026-01-02 08:58:32,988 : INFO : telemetry.sender : Finish uploading in 0.141397 seconds.
7993 : 2026-01-02 08:58:47,492 : INFO : telemetry.main : Attempt start. Configuration directory [/home/admin/.azure]. Cache directory [/home/admin/.azure/telemetry/20260102085847375].
7993 : 2026-01-02 08:58:47,492 : INFO : telemetry.records : 1 cache files to upload.
7993 : 2026-01-02 08:58:47,492 : INFO : telemetry.records : Processed file /home/admin/.azure/telemetry/20260102085847375/cache into 1 records.
7993 : 2026-01-02 08:58:47,492 : INFO : telemetry.records : Remove directory /home/admin/.azure/telemetry/20260102085847375
7993 : 2026-01-02 08:58:47,493 : INFO : telemetry.client : Accumulated 1 events. Flush the clients.
7993 : 2026-01-02 08:58:47,493 : INFO : telemetry.client : Flush client c4395b75-49cc-422c-bc95-c7d51aef5d46.
7993 : 2026-01-02 08:58:47,755 : INFO : telemetry.sender : Sending 4678 bytes
7993 : 2026-01-02 08:58:47,755 : INFO : telemetry.sender : Finish uploading in 0.262051 seconds.
8042 : 2026-01-02 08:59:51,882 : INFO : telemetry.main : Attempt start. Configuration directory [/home/admin/.azure]. Cache directory [/home/admin/.azure/telemetry/20260102085951765].
8042 : 2026-01-02 08:59:51,882 : INFO : telemetry.records : 1 cache files to upload.
8042 : 2026-01-02 08:59:51,883 : INFO : telemetry.records : Processed file /home/admin/.azure/telemetry/20260102085951765/cache into 1 records.
8042 : 2026-01-02 08:59:51,883 : INFO : telemetry.records : Remove directory /home/admin/.azure/telemetry/20260102085951765
8042 : 2026-01-02 08:59:51,883 : INFO : telemetry.client : Accumulated 1 events. Flush the clients.
8042 : 2026-01-02 08:59:51,883 : INFO : telemetry.client : Flush client c4395b75-49cc-422c-bc95-c7d51aef5d46.
8042 : 2026-01-02 08:59:52,021 : INFO : telemetry.sender : Sending 4496 bytes
8042 : 2026-01-02 08:59:52,021 : INFO : telemetry.sender : Finish uploading in 0.137437 seconds.
8209 : 2026-01-02 09:05:46,165 : INFO : telemetry.main : Attempt start. Configuration directory [/home/admin/.azure]. Cache directory [/home/admin/.azure/telemetry/20260102090546036].
8209 : 2026-01-02 09:05:46,165 : INFO : telemetry.records : 1 cache files to upload.
8209 : 2026-01-02 09:05:46,165 : INFO : telemetry.records : Processed file /home/admin/.azure/telemetry/20260102090546036/cache into 1 records.
8209 : 2026-01-02 09:05:46,165 : INFO : telemetry.records : Remove directory /home/admin/.azure/telemetry/20260102090546036
8209 : 2026-01-02 09:05:46,166 : INFO : telemetry.client : Accumulated 1 events. Flush the clients.
8209 : 2026-01-02 09:05:46,166 : INFO : telemetry.client : Flush client c4395b75-49cc-422c-bc95-c7d51aef5d46.
8209 : 2026-01-02 09:05:46,321 : INFO : telemetry.sender : Sending 4558 bytes
8209 : 2026-01-02 09:05:46,321 : INFO : telemetry.sender : Finish uploading in 0.154297 seconds.
8324 : 2026-01-02 09:09:49,582 : INFO : telemetry.main : Attempt start. Configuration directory [/home/admin/.azure]. Cache directory [/home/admin/.azure/telemetry/20260102090949469].
8324 : 2026-01-02 09:09:49,582 : INFO : telemetry.records : 1 cache files to upload.
8324 : 2026-01-02 09:09:49,582 : INFO : telemetry.records : Processed file /home/admin/.azure/telemetry/20260102090949469/cache into 1 records.
8324 : 2026-01-02 09:09:49,583 : INFO : telemetry.records : Remove directory /home/admin/.azure/telemetry/20260102090949469
8324 : 2026-01-02 09:09:49,583 : INFO : telemetry.client : Accumulated 1 events. Flush the clients.
8324 : 2026-01-02 09:09:49,583 : INFO : telemetry.client : Flush client c4395b75-49cc-422c-bc95-c7d51aef5d46.
8324 : 2026-01-02 09:09:49,709 : INFO : telemetry.sender : Sending 4394 bytes
8324 : 2026-01-02 09:09:49,709 : INFO : telemetry.sender : Finish uploading in 0.125938 seconds.
8352 : 2026-01-02 09:10:18,085 : INFO : telemetry.main : Attempt start. Configuration directory [/home/admin/.azure]. Cache directory [/home/admin/.azure/telemetry/20260102091017975].
8352 : 2026-01-02 09:10:18,085 : INFO : telemetry.records : 1 cache files to upload.
8352 : 2026-01-02 09:10:18,086 : INFO : telemetry.records : Processed file /home/admin/.azure/telemetry/20260102091017975/cache into 1 records.
8352 : 2026-01-02 09:10:18,086 : INFO : telemetry.records : Remove directory /home/admin/.azure/telemetry/20260102091017975
8352 : 2026-01-02 09:10:18,086 : INFO : telemetry.client : Accumulated 1 events. Flush the clients.
8352 : 2026-01-02 09:10:18,086 : INFO : telemetry.client : Flush client c4395b75-49cc-422c-bc95-c7d51aef5d46.
8352 : 2026-01-02 09:10:18,230 : INFO : telemetry.sender : Sending 4401 bytes
8352 : 2026-01-02 09:10:18,231 : INFO : telemetry.sender : Finish uploading in 0.144294 seconds.
8398 : 2026-01-02 09:11:30,146 : INFO : telemetry.main : Attempt start. Configuration directory [/home/admin/.azure]. Cache directory [/home/admin/.azure/telemetry/20260102091130011].
8398 : 2026-01-02 09:11:30,146 : INFO : telemetry.records : 1 cache files to upload.
8398 : 2026-01-02 09:11:30,146 : INFO : telemetry.records : Processed file /home/admin/.azure/telemetry/20260102091130011/cache into 1 records.
8398 : 2026-01-02 09:11:30,146 : INFO : telemetry.records : Remove directory /home/admin/.azure/telemetry/20260102091130011
8398 : 2026-01-02 09:11:30,153 : INFO : telemetry.client : Accumulated 1 events. Flush the clients.
8398 : 2026-01-02 09:11:30,153 : INFO : telemetry.client : Flush client c4395b75-49cc-422c-bc95-c7d51aef5d46.
8398 : 2026-01-02 09:11:30,295 : INFO : telemetry.sender : Sending 4403 bytes
8398 : 2026-01-02 09:11:30,295 : INFO : telemetry.sender : Finish uploading in 0.141407 seconds.
8443 : 2026-01-02 09:12:34,465 : INFO : telemetry.main : Attempt start. Configuration directory [/home/admin/.azure]. Cache directory [/home/admin/.azure/telemetry/20260102091234357].
8443 : 2026-01-02 09:12:34,466 : INFO : telemetry.records : 1 cache files to upload.
8443 : 2026-01-02 09:12:34,466 : INFO : telemetry.records : Processed file /home/admin/.azure/telemetry/20260102091234357/cache into 1 records.
8443 : 2026-01-02 09:12:34,466 : INFO : telemetry.records : Remove directory /home/admin/.azure/telemetry/20260102091234357
8443 : 2026-01-02 09:12:34,466 : INFO : telemetry.client : Accumulated 1 events. Flush the clients.
8443 : 2026-01-02 09:12:34,466 : INFO : telemetry.client : Flush client c4395b75-49cc-422c-bc95-c7d51aef5d46.
8443 : 2026-01-02 09:12:34,596 : INFO : telemetry.sender : Sending 4394 bytes
8443 : 2026-01-02 09:12:34,597 : INFO : telemetry.sender : Finish uploading in 0.130091 seconds.
8501 : 2026-01-02 09:14:24,653 : INFO : telemetry.main : Attempt start. Configuration directory [/home/admin/.azure]. Cache directory [/home/admin/.azure/telemetry/20260102091424540].
8501 : 2026-01-02 09:14:24,654 : INFO : telemetry.records : 1 cache files to upload.
8501 : 2026-01-02 09:14:24,654 : INFO : telemetry.records : Processed file /home/admin/.azure/telemetry/20260102091424540/cache into 1 records.
8501 : 2026-01-02 09:14:24,654 : INFO : telemetry.records : Remove directory /home/admin/.azure/telemetry/20260102091424540
8501 : 2026-01-02 09:14:24,654 : INFO : telemetry.client : Accumulated 1 events. Flush the clients.
8501 : 2026-01-02 09:14:24,654 : INFO : telemetry.client : Flush client c4395b75-49cc-422c-bc95-c7d51aef5d46.
8501 : 2026-01-02 09:14:24,783 : INFO : telemetry.sender : Sending 4416 bytes
8501 : 2026-01-02 09:14:24,783 : INFO : telemetry.sender : Finish uploading in 0.128756 seconds.
8525 : 2026-01-02 09:14:36,883 : INFO : telemetry.main : Attempt start. Configuration directory [/home/admin/.azure]. Cache directory [/home/admin/.azure/telemetry/20260102091436777].
8525 : 2026-01-02 09:14:36,883 : INFO : telemetry.records : 1 cache files to upload.
8525 : 2026-01-02 09:14:36,884 : INFO : telemetry.records : Processed file /home/admin/.azure/telemetry/20260102091436777/cache into 1 records.
8525 : 2026-01-02 09:14:36,884 : INFO : telemetry.records : Remove directory /home/admin/.azure/telemetry/20260102091436777
8525 : 2026-01-02 09:14:36,884 : INFO : telemetry.client : Accumulated 1 events. Flush the clients.
8525 : 2026-01-02 09:14:36,884 : INFO : telemetry.client : Flush client c4395b75-49cc-422c-bc95-c7d51aef5d46.
8525 : 2026-01-02 09:14:37,022 : INFO : telemetry.sender : Sending 4394 bytes
8525 : 2026-01-02 09:14:37,022 : INFO : telemetry.sender : Finish uploading in 0.137292 seconds.
8550 : 2026-01-02 09:15:07,187 : INFO : telemetry.main : Attempt start. Configuration directory [/home/admin/.azure]. Cache directory [/home/admin/.azure/telemetry/20260102091507076].
8550 : 2026-01-02 09:15:07,187 : INFO : telemetry.records : 1 cache files to upload.
8550 : 2026-01-02 09:15:07,187 : INFO : telemetry.records : Processed file /home/admin/.azure/telemetry/20260102091507076/cache into 1 records.
8550 : 2026-01-02 09:15:07,187 : INFO : telemetry.records : Remove directory /home/admin/.azure/telemetry/20260102091507076
8550 : 2026-01-02 09:15:07,187 : INFO : telemetry.client : Accumulated 1 events. Flush the clients.
8550 : 2026-01-02 09:15:07,187 : INFO : telemetry.client : Flush client c4395b75-49cc-422c-bc95-c7d51aef5d46.
8550 : 2026-01-02 09:15:07,328 : INFO : telemetry.sender : Sending 4416 bytes
8550 : 2026-01-02 09:15:07,328 : INFO : telemetry.sender : Finish uploading in 0.140030 seconds.
8565 : 2026-01-02 09:15:10,398 : INFO : telemetry.main : Attempt start. Configuration directory [/home/admin/.azure]. Cache directory [/home/admin/.azure/telemetry/20260102091510287].
8565 : 2026-01-02 09:15:10,398 : INFO : telemetry.records : 1 cache files to upload.
8565 : 2026-01-02 09:15:10,399 : INFO : telemetry.records : Processed file /home/admin/.azure/telemetry/20260102091510287/cache into 1 records.
8565 : 2026-01-02 09:15:10,399 : INFO : telemetry.records : Remove directory /home/admin/.azure/telemetry/20260102091510287
8565 : 2026-01-02 09:15:10,399 : INFO : telemetry.client : Accumulated 1 events. Flush the clients.
8565 : 2026-01-02 09:15:10,399 : INFO : telemetry.client : Flush client c4395b75-49cc-422c-bc95-c7d51aef5d46.
8565 : 2026-01-02 09:15:10,545 : INFO : telemetry.sender : Sending 4394 bytes
8565 : 2026-01-02 09:15:10,545 : INFO : telemetry.sender : Finish uploading in 0.145472 seconds.
8590 : 2026-01-02 09:15:38,634 : INFO : telemetry.main : Attempt start. Configuration directory [/home/admin/.azure]. Cache directory [/home/admin/.azure/telemetry/20260102091538514].
8590 : 2026-01-02 09:15:38,634 : INFO : telemetry.records : 1 cache files to upload.
8590 : 2026-01-02 09:15:38,634 : INFO : telemetry.records : Processed file /home/admin/.azure/telemetry/20260102091538514/cache into 1 records.
8590 : 2026-01-02 09:15:38,634 : INFO : telemetry.records : Remove directory /home/admin/.azure/telemetry/20260102091538514
8590 : 2026-01-02 09:15:38,635 : INFO : telemetry.client : Accumulated 1 events. Flush the clients.
8590 : 2026-01-02 09:15:38,635 : INFO : telemetry.client : Flush client c4395b75-49cc-422c-bc95-c7d51aef5d46.
8590 : 2026-01-02 09:15:38,771 : INFO : telemetry.sender : Sending 4732 bytes
8590 : 2026-01-02 09:15:38,771 : INFO : telemetry.sender : Finish uploading in 0.136539 seconds.
8623 : 2026-01-02 09:16:16,211 : INFO : telemetry.main : Attempt start. Configuration directory [/home/admin/.azure]. Cache directory [/home/admin/.azure/telemetry/20260102091616104].
8623 : 2026-01-02 09:16:16,211 : INFO : telemetry.records : 1 cache files to upload.
8623 : 2026-01-02 09:16:16,211 : INFO : telemetry.records : Processed file /home/admin/.azure/telemetry/20260102091616104/cache into 1 records.
8623 : 2026-01-02 09:16:16,212 : INFO : telemetry.records : Remove directory /home/admin/.azure/telemetry/20260102091616104
8623 : 2026-01-02 09:16:16,212 : INFO : telemetry.client : Accumulated 1 events. Flush the clients.
8623 : 2026-01-02 09:16:16,212 : INFO : telemetry.client : Flush client c4395b75-49cc-422c-bc95-c7d51aef5d46.
8623 : 2026-01-02 09:16:16,353 : INFO : telemetry.sender : Sending 4401 bytes
8623 : 2026-01-02 09:16:16,353 : INFO : telemetry.sender : Finish uploading in 0.140761 seconds.
8773 : 2026-01-02 09:21:04,250 : INFO : telemetry.main : Attempt start. Configuration directory [/home/admin/.azure]. Cache directory [/home/admin/.azure/telemetry/20260102092104129].
8773 : 2026-01-02 09:21:04,251 : INFO : telemetry.records : 1 cache files to upload.
8773 : 2026-01-02 09:21:04,251 : INFO : telemetry.records : Processed file /home/admin/.azure/telemetry/20260102092104129/cache into 1 records.
8773 : 2026-01-02 09:21:04,251 : INFO : telemetry.records : Remove directory /home/admin/.azure/telemetry/20260102092104129
8773 : 2026-01-02 09:21:04,251 : INFO : telemetry.client : Accumulated 1 events. Flush the clients.
8773 : 2026-01-02 09:21:04,251 : INFO : telemetry.client : Flush client c4395b75-49cc-422c-bc95-c7d51aef5d46.
8773 : 2026-01-02 09:21:04,386 : INFO : telemetry.sender : Sending 4401 bytes
8773 : 2026-01-02 09:21:04,386 : INFO : telemetry.sender : Finish uploading in 0.134550 seconds.
8788 : 2026-01-02 09:21:10,845 : INFO : telemetry.main : Attempt start. Configuration directory [/home/admin/.azure]. Cache directory [/home/admin/.azure/telemetry/20260102092110709].
8788 : 2026-01-02 09:21:10,845 : INFO : telemetry.records : 1 cache files to upload.
8788 : 2026-01-02 09:21:10,845 : INFO : telemetry.records : Processed file /home/admin/.azure/telemetry/20260102092110709/cache into 1 records.
8788 : 2026-01-02 09:21:10,846 : INFO : telemetry.records : Remove directory /home/admin/.azure/telemetry/20260102092110709
8788 : 2026-01-02 09:21:10,846 : INFO : telemetry.client : Accumulated 1 events. Flush the clients.
8788 : 2026-01-02 09:21:10,846 : INFO : telemetry.client : Flush client c4395b75-49cc-422c-bc95-c7d51aef5d46.
8788 : 2026-01-02 09:21:10,983 : INFO : telemetry.sender : Sending 4403 bytes
8788 : 2026-01-02 09:21:10,984 : INFO : telemetry.sender : Finish uploading in 0.137411 seconds.
8933 : 2026-01-02 09:26:22,690 : INFO : telemetry.main : Attempt start. Configuration directory [/home/admin/.azure]. Cache directory [/home/admin/.azure/telemetry/20260102092622576].
8933 : 2026-01-02 09:26:22,690 : INFO : telemetry.records : 1 cache files to upload.
8933 : 2026-01-02 09:26:22,691 : INFO : telemetry.records : Processed file /home/admin/.azure/telemetry/20260102092622576/cache into 1 records.
8933 : 2026-01-02 09:26:22,691 : INFO : telemetry.records : Remove directory /home/admin/.azure/telemetry/20260102092622576
8933 : 2026-01-02 09:26:22,691 : INFO : telemetry.client : Accumulated 1 events. Flush the clients.
8933 : 2026-01-02 09:26:22,691 : INFO : telemetry.client : Flush client c4395b75-49cc-422c-bc95-c7d51aef5d46.
8933 : 2026-01-02 09:26:22,819 : INFO : telemetry.sender : Sending 4558 bytes
8933 : 2026-01-02 09:26:22,819 : INFO : telemetry.sender : Finish uploading in 0.127793 seconds.
9083 : 2026-01-02 09:29:29,695 : INFO : telemetry.main : Attempt start. Configuration directory [/home/admin/.azure]. Cache directory [/home/admin/.azure/telemetry/20260102092929554].
9083 : 2026-01-02 09:29:29,695 : INFO : telemetry.records : 1 cache files to upload.
9083 : 2026-01-02 09:29:29,695 : INFO : telemetry.records : Processed file /home/admin/.azure/telemetry/20260102092929554/cache into 1 records.
9083 : 2026-01-02 09:29:29,695 : INFO : telemetry.records : Remove directory /home/admin/.azure/telemetry/20260102092929554
9083 : 2026-01-02 09:29:29,695 : INFO : telemetry.client : Accumulated 1 events. Flush the clients.
9083 : 2026-01-02 09:29:29,695 : INFO : telemetry.client : Flush client c4395b75-49cc-422c-bc95-c7d51aef5d46.
9083 : 2026-01-02 09:29:29,822 : INFO : telemetry.sender : Sending 4844 bytes
9083 : 2026-01-02 09:29:29,822 : INFO : telemetry.sender : Finish uploading in 0.126239 seconds.
9260 : 2026-01-02 09:34:24,203 : INFO : telemetry.main : Attempt start. Configuration directory [/home/admin/.azure]. Cache directory [/home/admin/.azure/telemetry/20260102093424044].
9260 : 2026-01-02 09:34:24,203 : INFO : telemetry.records : 1 cache files to upload.
9260 : 2026-01-02 09:34:24,203 : INFO : telemetry.records : Processed file /home/admin/.azure/telemetry/20260102093424044/cache into 1 records.
9260 : 2026-01-02 09:34:24,203 : INFO : telemetry.records : Remove directory /home/admin/.azure/telemetry/20260102093424044
9260 : 2026-01-02 09:34:24,204 : INFO : telemetry.client : Accumulated 1 events. Flush the clients.
9260 : 2026-01-02 09:34:24,204 : INFO : telemetry.client : Flush client c4395b75-49cc-422c-bc95-c7d51aef5d46.
9260 : 2026-01-02 09:34:24,345 : INFO : telemetry.sender : Sending 4481 bytes
9260 : 2026-01-02 09:34:24,345 : INFO : telemetry.sender : Finish uploading in 0.141381 seconds.
9286 : 2026-01-02 09:34:45,114 : INFO : telemetry.main : Attempt start. Configuration directory [/home/admin/.azure]. Cache directory [/home/admin/.azure/telemetry/20260102093445006].
9286 : 2026-01-02 09:34:45,115 : INFO : telemetry.records : 1 cache files to upload.
9286 : 2026-01-02 09:34:45,115 : INFO : telemetry.records : Processed file /home/admin/.azure/telemetry/20260102093445006/cache into 1 records.
9286 : 2026-01-02 09:34:45,115 : INFO : telemetry.records : Remove directory /home/admin/.azure/telemetry/20260102093445006
9286 : 2026-01-02 09:34:45,116 : INFO : telemetry.client : Accumulated 1 events. Flush the clients.
9286 : 2026-01-02 09:34:45,116 : INFO : telemetry.client : Flush client c4395b75-49cc-422c-bc95-c7d51aef5d46.
9286 : 2026-01-02 09:34:45,241 : INFO : telemetry.sender : Sending 4446 bytes
9286 : 2026-01-02 09:34:45,241 : INFO : telemetry.sender : Finish uploading in 0.124846 seconds.
9395 : 2026-01-02 09:37:26,788 : INFO : telemetry.main : Attempt start. Configuration directory [/home/admin/.azure]. Cache directory [/home/admin/.azure/telemetry/20260102093726672].
9395 : 2026-01-02 09:37:26,789 : INFO : telemetry.records : 1 cache files to upload.
9395 : 2026-01-02 09:37:26,789 : INFO : telemetry.records : Processed file /home/admin/.azure/telemetry/20260102093726672/cache into 1 records.
9395 : 2026-01-02 09:37:26,789 : INFO : telemetry.records : Remove directory /home/admin/.azure/telemetry/20260102093726672
9395 : 2026-01-02 09:37:26,790 : INFO : telemetry.client : Accumulated 1 events. Flush the clients.
9395 : 2026-01-02 09:37:26,790 : INFO : telemetry.client : Flush client c4395b75-49cc-422c-bc95-c7d51aef5d46.
9395 : 2026-01-02 09:37:26,973 : INFO : telemetry.sender : Sending 4702 bytes
9395 : 2026-01-02 09:37:26,973 : INFO : telemetry.sender : Finish uploading in 0.183232 seconds.
9404 : 2026-01-02 09:37:28,001 : INFO : telemetry.main : Attempt start. Configuration directory [/home/admin/.azure]. Cache directory [/home/admin/.azure/telemetry/20260102093727843].
9404 : 2026-01-02 09:37:28,001 : INFO : telemetry.records : 1 cache files to upload.
9404 : 2026-01-02 09:37:28,002 : INFO : telemetry.records : Processed file /home/admin/.azure/telemetry/20260102093727843/cache into 1 records.
9404 : 2026-01-02 09:37:28,002 : INFO : telemetry.records : Remove directory /home/admin/.azure/telemetry/20260102093727843
9404 : 2026-01-02 09:37:28,002 : INFO : telemetry.client : Accumulated 1 events. Flush the clients.
9404 : 2026-01-02 09:37:28,002 : INFO : telemetry.client : Flush client c4395b75-49cc-422c-bc95-c7d51aef5d46.
9404 : 2026-01-02 09:37:28,176 : INFO : telemetry.sender : Sending 4619 bytes
9404 : 2026-01-02 09:37:28,176 : INFO : telemetry.sender : Finish uploading in 0.172960 seconds.
9464 : 2026-01-02 09:38:38,390 : INFO : telemetry.main : Attempt start. Configuration directory [/home/admin/.azure]. Cache directory [/home/admin/.azure/telemetry/20260102093838297].
9464 : 2026-01-02 09:38:38,390 : INFO : telemetry.records : 1 cache files to upload.
9464 : 2026-01-02 09:38:38,390 : INFO : telemetry.records : Processed file /home/admin/.azure/telemetry/20260102093838297/cache into 1 records.
9464 : 2026-01-02 09:38:38,390 : INFO : telemetry.records : Remove directory /home/admin/.azure/telemetry/20260102093838297
9464 : 2026-01-02 09:38:38,391 : INFO : telemetry.client : Accumulated 1 events. Flush the clients.
9464 : 2026-01-02 09:38:38,391 : INFO : telemetry.client : Flush client c4395b75-49cc-422c-bc95-c7d51aef5d46.
9464 : 2026-01-02 09:38:38,529 : INFO : telemetry.sender : Sending 4352 bytes
9464 : 2026-01-02 09:38:38,529 : INFO : telemetry.sender : Finish uploading in 0.138075 seconds.
9517 : 2026-01-02 09:39:58,989 : INFO : telemetry.main : Attempt start. Configuration directory [/home/admin/.azure]. Cache directory [/home/admin/.azure/telemetry/20260102093958860].
9517 : 2026-01-02 09:39:58,989 : INFO : telemetry.records : 1 cache files to upload.
9517 : 2026-01-02 09:39:58,989 : INFO : telemetry.records : Processed file /home/admin/.azure/telemetry/20260102093958860/cache into 1 records.
9517 : 2026-01-02 09:39:58,989 : INFO : telemetry.records : Remove directory /home/admin/.azure/telemetry/20260102093958860
9517 : 2026-01-02 09:39:58,990 : INFO : telemetry.client : Accumulated 1 events. Flush the clients.
9517 : 2026-01-02 09:39:58,990 : INFO : telemetry.client : Flush client c4395b75-49cc-422c-bc95-c7d51aef5d46.
9517 : 2026-01-02 09:39:59,160 : INFO : telemetry.sender : Sending 4682 bytes
9517 : 2026-01-02 09:39:59,160 : INFO : telemetry.sender : Finish uploading in 0.170136 seconds.
9610 : 2026-01-02 09:42:38,558 : INFO : telemetry.main : Attempt start. Configuration directory [/home/admin/.azure]. Cache directory [/home/admin/.azure/telemetry/20260102094238415].
9610 : 2026-01-02 09:42:38,558 : INFO : telemetry.records : 1 cache files to upload.
9610 : 2026-01-02 09:42:38,558 : INFO : telemetry.records : Processed file /home/admin/.azure/telemetry/20260102094238415/cache into 1 records.
9610 : 2026-01-02 09:42:38,559 : INFO : telemetry.records : Remove directory /home/admin/.azure/telemetry/20260102094238415
9610 : 2026-01-02 09:42:38,559 : INFO : telemetry.client : Accumulated 1 events. Flush the clients.
9610 : 2026-01-02 09:42:38,559 : INFO : telemetry.client : Flush client c4395b75-49cc-422c-bc95-c7d51aef5d46.
9610 : 2026-01-02 09:42:38,718 : INFO : telemetry.sender : Sending 5080 bytes
9610 : 2026-01-02 09:42:38,718 : INFO : telemetry.sender : Finish uploading in 0.158138 seconds.
9646 : 2026-01-02 09:43:22,187 : INFO : telemetry.main : Attempt start. Configuration directory [/home/admin/.azure]. Cache directory [/home/admin/.azure/telemetry/20260102094322071].
9646 : 2026-01-02 09:43:22,188 : INFO : telemetry.records : 1 cache files to upload.
9646 : 2026-01-02 09:43:22,188 : INFO : telemetry.records : Processed file /home/admin/.azure/telemetry/20260102094322071/cache into 1 records.
9646 : 2026-01-02 09:43:22,188 : INFO : telemetry.records : Remove directory /home/admin/.azure/telemetry/20260102094322071
9646 : 2026-01-02 09:43:22,188 : INFO : telemetry.client : Accumulated 1 events. Flush the clients.
9646 : 2026-01-02 09:43:22,188 : INFO : telemetry.client : Flush client c4395b75-49cc-422c-bc95-c7d51aef5d46.
9646 : 2026-01-02 09:43:22,330 : INFO : telemetry.sender : Sending 4419 bytes
9646 : 2026-01-02 09:43:22,330 : INFO : telemetry.sender : Finish uploading in 0.142128 seconds.
9660 : 2026-01-02 09:43:31,855 : INFO : telemetry.main : Attempt start. Configuration directory [/home/admin/.azure]. Cache directory [/home/admin/.azure/telemetry/20260102094331740].
9660 : 2026-01-02 09:43:31,855 : INFO : telemetry.records : 1 cache files to upload.
9660 : 2026-01-02 09:43:31,855 : INFO : telemetry.records : Processed file /home/admin/.azure/telemetry/20260102094331740/cache into 1 records.
9660 : 2026-01-02 09:43:31,855 : INFO : telemetry.records : Remove directory /home/admin/.azure/telemetry/20260102094331740
9660 : 2026-01-02 09:43:31,855 : INFO : telemetry.client : Accumulated 1 events. Flush the clients.
9660 : 2026-01-02 09:43:31,856 : INFO : telemetry.client : Flush client c4395b75-49cc-422c-bc95-c7d51aef5d46.
9660 : 2026-01-02 09:43:31,993 : INFO : telemetry.sender : Sending 4411 bytes
9660 : 2026-01-02 09:43:31,993 : INFO : telemetry.sender : Finish uploading in 0.137138 seconds.
9698 : 2026-01-02 09:44:12,262 : INFO : telemetry.main : Attempt start. Configuration directory [/home/admin/.azure]. Cache directory [/home/admin/.azure/telemetry/20260102094412150].
9698 : 2026-01-02 09:44:12,262 : INFO : telemetry.records : 1 cache files to upload.
9698 : 2026-01-02 09:44:12,262 : INFO : telemetry.records : Processed file /home/admin/.azure/telemetry/20260102094412150/cache into 1 records.
9698 : 2026-01-02 09:44:12,262 : INFO : telemetry.records : Remove directory /home/admin/.azure/telemetry/20260102094412150
9698 : 2026-01-02 09:44:12,262 : INFO : telemetry.client : Accumulated 1 events. Flush the clients.
9698 : 2026-01-02 09:44:12,262 : INFO : telemetry.client : Flush client c4395b75-49cc-422c-bc95-c7d51aef5d46.
9698 : 2026-01-02 09:44:12,392 : INFO : telemetry.sender : Sending 4411 bytes
9698 : 2026-01-02 09:44:12,392 : INFO : telemetry.sender : Finish uploading in 0.129168 seconds.
9712 : 2026-01-02 09:44:31,822 : INFO : telemetry.main : Attempt start. Configuration directory [/home/admin/.azure]. Cache directory [/home/admin/.azure/telemetry/20260102094431713].
9712 : 2026-01-02 09:44:31,823 : INFO : telemetry.records : 1 cache files to upload.
9712 : 2026-01-02 09:44:31,823 : INFO : telemetry.records : Processed file /home/admin/.azure/telemetry/20260102094431713/cache into 1 records.
9712 : 2026-01-02 09:44:31,823 : INFO : telemetry.records : Remove directory /home/admin/.azure/telemetry/20260102094431713
9712 : 2026-01-02 09:44:31,823 : INFO : telemetry.client : Accumulated 1 events. Flush the clients.
9712 : 2026-01-02 09:44:31,823 : INFO : telemetry.client : Flush client c4395b75-49cc-422c-bc95-c7d51aef5d46.
9712 : 2026-01-02 09:44:31,970 : INFO : telemetry.sender : Sending 4419 bytes
9712 : 2026-01-02 09:44:31,970 : INFO : telemetry.sender : Finish uploading in 0.146715 seconds.
9736 : 2026-01-02 09:44:42,162 : INFO : telemetry.main : Attempt start. Configuration directory [/home/admin/.azure]. Cache directory [/home/admin/.azure/telemetry/20260102094442037].
9736 : 2026-01-02 09:44:42,163 : INFO : telemetry.records : 1 cache files to upload.
9736 : 2026-01-02 09:44:42,163 : INFO : telemetry.records : Processed file /home/admin/.azure/telemetry/20260102094442037/cache into 1 records.
9736 : 2026-01-02 09:44:42,163 : INFO : telemetry.records : Remove directory /home/admin/.azure/telemetry/20260102094442037
9736 : 2026-01-02 09:44:42,163 : INFO : telemetry.client : Accumulated 1 events. Flush the clients.
9736 : 2026-01-02 09:44:42,163 : INFO : telemetry.client : Flush client c4395b75-49cc-422c-bc95-c7d51aef5d46.
9736 : 2026-01-02 09:44:42,295 : INFO : telemetry.sender : Sending 4411 bytes
9736 : 2026-01-02 09:44:42,296 : INFO : telemetry.sender : Finish uploading in 0.132130 seconds.
9845 : 2026-01-02 09:48:10,209 : INFO : telemetry.main : Attempt start. Configuration directory [/home/admin/.azure]. Cache directory [/home/admin/.azure/telemetry/20260102094810091].
9845 : 2026-01-02 09:48:10,209 : INFO : telemetry.records : 1 cache files to upload.
9845 : 2026-01-02 09:48:10,209 : INFO : telemetry.records : Processed file /home/admin/.azure/telemetry/20260102094810091/cache into 1 records.
9845 : 2026-01-02 09:48:10,209 : INFO : telemetry.records : Remove directory /home/admin/.azure/telemetry/20260102094810091
9845 : 2026-01-02 09:48:10,210 : INFO : telemetry.client : Accumulated 1 events. Flush the clients.
9845 : 2026-01-02 09:48:10,210 : INFO : telemetry.client : Flush client c4395b75-49cc-422c-bc95-c7d51aef5d46.
9845 : 2026-01-02 09:48:10,343 : INFO : telemetry.sender : Sending 4421 bytes
9845 : 2026-01-02 09:48:10,343 : INFO : telemetry.sender : Finish uploading in 0.132760 seconds.
9871 : 2026-01-02 09:48:48,866 : INFO : telemetry.main : Attempt start. Configuration directory [/home/admin/.azure]. Cache directory [/home/admin/.azure/telemetry/20260102094848752].
9871 : 2026-01-02 09:48:48,866 : INFO : telemetry.records : 1 cache files to upload.
9871 : 2026-01-02 09:48:48,866 : INFO : telemetry.records : Processed file /home/admin/.azure/telemetry/20260102094848752/cache into 1 records.
9871 : 2026-01-02 09:48:48,866 : INFO : telemetry.records : Remove directory /home/admin/.azure/telemetry/20260102094848752
9871 : 2026-01-02 09:48:48,866 : INFO : telemetry.client : Accumulated 1 events. Flush the clients.
9871 : 2026-01-02 09:48:48,867 : INFO : telemetry.client : Flush client c4395b75-49cc-422c-bc95-c7d51aef5d46.
9871 : 2026-01-02 09:48:49,016 : INFO : telemetry.sender : Sending 4419 bytes
9871 : 2026-01-02 09:48:49,016 : INFO : telemetry.sender : Finish uploading in 0.149775 seconds.
9897 : 2026-01-02 09:49:07,289 : INFO : telemetry.main : Attempt start. Configuration directory [/home/admin/.azure]. Cache directory [/home/admin/.azure/telemetry/20260102094907176].
9897 : 2026-01-02 09:49:07,289 : INFO : telemetry.records : 1 cache files to upload.
9897 : 2026-01-02 09:49:07,289 : INFO : telemetry.records : Processed file /home/admin/.azure/telemetry/20260102094907176/cache into 1 records.
9897 : 2026-01-02 09:49:07,289 : INFO : telemetry.records : Remove directory /home/admin/.azure/telemetry/20260102094907176
9897 : 2026-01-02 09:49:07,290 : INFO : telemetry.client : Accumulated 1 events. Flush the clients.
9897 : 2026-01-02 09:49:07,290 : INFO : telemetry.client : Flush client c4395b75-49cc-422c-bc95-c7d51aef5d46.
9897 : 2026-01-02 09:49:07,432 : INFO : telemetry.sender : Sending 4421 bytes
9897 : 2026-01-02 09:49:07,432 : INFO : telemetry.sender : Finish uploading in 0.141758 seconds.
9932 : 2026-01-02 09:49:53,650 : INFO : telemetry.main : Attempt start. Configuration directory [/home/admin/.azure]. Cache directory [/home/admin/.azure/telemetry/20260102094953531].
9932 : 2026-01-02 09:49:53,650 : INFO : telemetry.records : 1 cache files to upload.
9932 : 2026-01-02 09:49:53,651 : INFO : telemetry.records : Processed file /home/admin/.azure/telemetry/20260102094953531/cache into 1 records.
9932 : 2026-01-02 09:49:53,651 : INFO : telemetry.records : Remove directory /home/admin/.azure/telemetry/20260102094953531
9932 : 2026-01-02 09:49:53,651 : INFO : telemetry.client : Accumulated 1 events. Flush the clients.
9932 : 2026-01-02 09:49:53,651 : INFO : telemetry.client : Flush client c4395b75-49cc-422c-bc95-c7d51aef5d46.
9932 : 2026-01-02 09:49:53,797 : INFO : telemetry.sender : Sending 4421 bytes
9932 : 2026-01-02 09:49:53,798 : INFO : telemetry.sender : Finish uploading in 0.146215 seconds.
10015 : 2026-01-02 09:52:23,738 : INFO : telemetry.main : Attempt start. Configuration directory [/home/admin/.azure]. Cache directory [/home/admin/.azure/telemetry/20260102095223610].
10015 : 2026-01-02 09:52:23,738 : INFO : telemetry.records : 1 cache files to upload.
10015 : 2026-01-02 09:52:23,739 : INFO : telemetry.records : Processed file /home/admin/.azure/telemetry/20260102095223610/cache into 1 records.
10015 : 2026-01-02 09:52:23,739 : INFO : telemetry.records : Remove directory /home/admin/.azure/telemetry/20260102095223610
10015 : 2026-01-02 09:52:23,739 : INFO : telemetry.client : Accumulated 1 events. Flush the clients.
10015 : 2026-01-02 09:52:23,739 : INFO : telemetry.client : Flush client c4395b75-49cc-422c-bc95-c7d51aef5d46.
10015 : 2026-01-02 09:52:23,901 : INFO : telemetry.sender : Sending 4546 bytes
10015 : 2026-01-02 09:52:23,901 : INFO : telemetry.sender : Finish uploading in 0.161260 seconds.
10122 : 2026-01-02 09:55:42,576 : INFO : telemetry.main : Attempt start. Configuration directory [/home/admin/.azure]. Cache directory [/home/admin/.azure/telemetry/20260102095542416].
10122 : 2026-01-02 09:55:42,576 : INFO : telemetry.records : 1 cache files to upload.
10122 : 2026-01-02 09:55:42,576 : INFO : telemetry.records : Processed file /home/admin/.azure/telemetry/20260102095542416/cache into 1 records.
10122 : 2026-01-02 09:55:42,576 : INFO : telemetry.records : Remove directory /home/admin/.azure/telemetry/20260102095542416
10122 : 2026-01-02 09:55:42,577 : INFO : telemetry.client : Accumulated 1 events. Flush the clients.
10122 : 2026-01-02 09:55:42,577 : INFO : telemetry.client : Flush client c4395b75-49cc-422c-bc95-c7d51aef5d46.
10122 : 2026-01-02 09:55:42,746 : INFO : telemetry.sender : Sending 5032 bytes
10122 : 2026-01-02 09:55:42,747 : INFO : telemetry.sender : Finish uploading in 0.169216 seconds.
10278 : 2026-01-02 10:00:25,019 : INFO : telemetry.main : Attempt start. Configuration directory [/home/admin/.azure]. Cache directory [/home/admin/.azure/telemetry/20260102100024897].
10278 : 2026-01-02 10:00:25,020 : INFO : telemetry.records : 1 cache files to upload.
10278 : 2026-01-02 10:00:25,020 : INFO : telemetry.records : Processed file /home/admin/.azure/telemetry/20260102100024897/cache into 1 records.
10278 : 2026-01-02 10:00:25,020 : INFO : telemetry.records : Remove directory /home/admin/.azure/telemetry/20260102100024897
10278 : 2026-01-02 10:00:25,030 : INFO : telemetry.client : Accumulated 1 events. Flush the clients.
10278 : 2026-01-02 10:00:25,030 : INFO : telemetry.client : Flush client c4395b75-49cc-422c-bc95-c7d51aef5d46.
10278 : 2026-01-02 10:00:25,230 : INFO : telemetry.sender : Sending 4577 bytes
10278 : 2026-01-02 10:00:25,230 : INFO : telemetry.sender : Finish uploading in 0.199895 seconds.
10339 : 2026-01-02 10:02:00,080 : INFO : telemetry.main : Attempt start. Configuration directory [/home/admin/.azure]. Cache directory [/home/admin/.azure/telemetry/20260102100159924].
10339 : 2026-01-02 10:02:00,080 : INFO : telemetry.records : 1 cache files to upload.
10339 : 2026-01-02 10:02:00,080 : INFO : telemetry.records : Processed file /home/admin/.azure/telemetry/20260102100159924/cache into 1 records.
10339 : 2026-01-02 10:02:00,080 : INFO : telemetry.records : Remove directory /home/admin/.azure/telemetry/20260102100159924
10339 : 2026-01-02 10:02:00,081 : INFO : telemetry.client : Accumulated 1 events. Flush the clients.
10339 : 2026-01-02 10:02:00,081 : INFO : telemetry.client : Flush client c4395b75-49cc-422c-bc95-c7d51aef5d46.
10339 : 2026-01-02 10:02:00,247 : INFO : telemetry.sender : Sending 4603 bytes
10339 : 2026-01-02 10:02:00,247 : INFO : telemetry.sender : Finish uploading in 0.165886 seconds.
10403 : 2026-01-02 10:03:52,499 : INFO : telemetry.main : Attempt start. Configuration directory [/home/admin/.azure]. Cache directory [/home/admin/.azure/telemetry/20260102100352349].
10403 : 2026-01-02 10:03:52,499 : INFO : telemetry.records : 1 cache files to upload.
10403 : 2026-01-02 10:03:52,499 : INFO : telemetry.records : Processed file /home/admin/.azure/telemetry/20260102100352349/cache into 1 records.
10403 : 2026-01-02 10:03:52,499 : INFO : telemetry.records : Remove directory /home/admin/.azure/telemetry/20260102100352349
10403 : 2026-01-02 10:03:52,500 : INFO : telemetry.client : Accumulated 1 events. Flush the clients.
10403 : 2026-01-02 10:03:52,500 : INFO : telemetry.client : Flush client c4395b75-49cc-422c-bc95-c7d51aef5d46.
10403 : 2026-01-02 10:03:52,671 : INFO : telemetry.sender : Sending 4485 bytes
10403 : 2026-01-02 10:03:52,671 : INFO : telemetry.sender : Finish uploading in 0.170992 seconds.
10469 : 2026-01-02 10:05:57,213 : INFO : telemetry.main : Attempt start. Configuration directory [/home/admin/.azure]. Cache directory [/home/admin/.azure/telemetry/20260102100557091].
10469 : 2026-01-02 10:05:57,213 : INFO : telemetry.records : 1 cache files to upload.
10469 : 2026-01-02 10:05:57,213 : INFO : telemetry.records : Processed file /home/admin/.azure/telemetry/20260102100557091/cache into 1 records.
10469 : 2026-01-02 10:05:57,214 : INFO : telemetry.records : Remove directory /home/admin/.azure/telemetry/20260102100557091
10469 : 2026-01-02 10:05:57,214 : INFO : telemetry.client : Accumulated 1 events. Flush the clients.
10469 : 2026-01-02 10:05:57,214 : INFO : telemetry.client : Flush client c4395b75-49cc-422c-bc95-c7d51aef5d46.
10469 : 2026-01-02 10:05:57,389 : INFO : telemetry.sender : Sending 4821 bytes
10469 : 2026-01-02 10:05:57,389 : INFO : telemetry.sender : Finish uploading in 0.174653 seconds.
10494 : 2026-01-02 10:06:18,364 : INFO : telemetry.main : Attempt start. Configuration directory [/home/admin/.azure]. Cache directory [/home/admin/.azure/telemetry/20260102100618226].
10494 : 2026-01-02 10:06:18,364 : INFO : telemetry.records : 1 cache files to upload.
10494 : 2026-01-02 10:06:18,364 : INFO : telemetry.records : Processed file /home/admin/.azure/telemetry/20260102100618226/cache into 1 records.
10494 : 2026-01-02 10:06:18,365 : INFO : telemetry.records : Remove directory /home/admin/.azure/telemetry/20260102100618226
10494 : 2026-01-02 10:06:18,365 : INFO : telemetry.client : Accumulated 1 events. Flush the clients.
10494 : 2026-01-02 10:06:18,365 : INFO : telemetry.client : Flush client c4395b75-49cc-422c-bc95-c7d51aef5d46.
10494 : 2026-01-02 10:06:18,552 : INFO : telemetry.sender : Sending 4821 bytes
10494 : 2026-01-02 10:06:18,552 : INFO : telemetry.sender : Finish uploading in 0.186231 seconds.
10540 : 2026-01-02 10:07:30,662 : INFO : telemetry.main : Attempt start. Configuration directory [/home/admin/.azure]. Cache directory [/home/admin/.azure/telemetry/20260102100730527].
10540 : 2026-01-02 10:07:30,662 : INFO : telemetry.records : 1 cache files to upload.
10540 : 2026-01-02 10:07:30,663 : INFO : telemetry.records : Processed file /home/admin/.azure/telemetry/20260102100730527/cache into 1 records.
10540 : 2026-01-02 10:07:30,663 : INFO : telemetry.records : Remove directory /home/admin/.azure/telemetry/20260102100730527
10540 : 2026-01-02 10:07:30,663 : INFO : telemetry.client : Accumulated 1 events. Flush the clients.
10540 : 2026-01-02 10:07:30,663 : INFO : telemetry.client : Flush client c4395b75-49cc-422c-bc95-c7d51aef5d46.
10540 : 2026-01-02 10:07:30,830 : INFO : telemetry.sender : Sending 4810 bytes
10540 : 2026-01-02 10:07:30,830 : INFO : telemetry.sender : Finish uploading in 0.166165 seconds.
10599 : 2026-01-02 10:08:59,940 : INFO : telemetry.main : Attempt start. Configuration directory [/home/admin/.azure]. Cache directory [/home/admin/.azure/telemetry/20260102100859734].
10599 : 2026-01-02 10:08:59,940 : INFO : telemetry.records : 1 cache files to upload.
10599 : 2026-01-02 10:08:59,940 : INFO : telemetry.records : Processed file /home/admin/.azure/telemetry/20260102100859734/cache into 1 records.
10599 : 2026-01-02 10:08:59,941 : INFO : telemetry.records : Remove directory /home/admin/.azure/telemetry/20260102100859734
10599 : 2026-01-02 10:08:59,941 : INFO : telemetry.client : Accumulated 1 events. Flush the clients.
10599 : 2026-01-02 10:08:59,941 : INFO : telemetry.client : Flush client c4395b75-49cc-422c-bc95-c7d51aef5d46.
10599 : 2026-01-02 10:09:00,152 : INFO : telemetry.sender : Sending 4809 bytes
10599 : 2026-01-02 10:09:00,153 : INFO : telemetry.sender : Finish uploading in 0.211014 seconds.
10650 : 2026-01-02 10:10:22,389 : INFO : telemetry.main : Attempt start. Configuration directory [/home/admin/.azure]. Cache directory [/home/admin/.azure/telemetry/20260102101022263].
10650 : 2026-01-02 10:10:22,389 : INFO : telemetry.records : 1 cache files to upload.
10650 : 2026-01-02 10:10:22,389 : INFO : telemetry.records : Processed file /home/admin/.azure/telemetry/20260102101022263/cache into 1 records.
10650 : 2026-01-02 10:10:22,390 : INFO : telemetry.records : Remove directory /home/admin/.azure/telemetry/20260102101022263
10650 : 2026-01-02 10:10:22,390 : INFO : telemetry.client : Accumulated 1 events. Flush the clients.
10650 : 2026-01-02 10:10:22,390 : INFO : telemetry.client : Flush client c4395b75-49cc-422c-bc95-c7d51aef5d46.
10650 : 2026-01-02 10:10:22,558 : INFO : telemetry.sender : Sending 4477 bytes
10650 : 2026-01-02 10:10:22,558 : INFO : telemetry.sender : Finish uploading in 0.167273 seconds.
10719 : 2026-01-02 10:12:30,396 : INFO : telemetry.main : Attempt start. Configuration directory [/home/admin/.azure]. Cache directory [/home/admin/.azure/telemetry/20260102101230276].
10719 : 2026-01-02 10:12:30,396 : INFO : telemetry.records : 1 cache files to upload.
10719 : 2026-01-02 10:12:30,397 : INFO : telemetry.records : Processed file /home/admin/.azure/telemetry/20260102101230276/cache into 1 records.
10719 : 2026-01-02 10:12:30,397 : INFO : telemetry.records : Remove directory /home/admin/.azure/telemetry/20260102101230276
10719 : 2026-01-02 10:12:30,397 : INFO : telemetry.client : Accumulated 1 events. Flush the clients.
10719 : 2026-01-02 10:12:30,397 : INFO : telemetry.client : Flush client c4395b75-49cc-422c-bc95-c7d51aef5d46.
10719 : 2026-01-02 10:12:30,568 : INFO : telemetry.sender : Sending 4554 bytes
10719 : 2026-01-02 10:12:30,568 : INFO : telemetry.sender : Finish uploading in 0.170820 seconds.
11448 : 2026-01-02 10:36:24,707 : INFO : telemetry.main : Attempt start. Configuration directory [/home/admin/.azure]. Cache directory [/home/admin/.azure/telemetry/20260102103624581].
11448 : 2026-01-02 10:36:24,708 : INFO : telemetry.records : 1 cache files to upload.
11448 : 2026-01-02 10:36:24,708 : INFO : telemetry.records : Processed file /home/admin/.azure/telemetry/20260102103624581/cache into 1 records.
11448 : 2026-01-02 10:36:24,708 : INFO : telemetry.records : Remove directory /home/admin/.azure/telemetry/20260102103624581
11448 : 2026-01-02 10:36:24,709 : INFO : telemetry.client : Accumulated 1 events. Flush the clients.
11448 : 2026-01-02 10:36:24,709 : INFO : telemetry.client : Flush client c4395b75-49cc-422c-bc95-c7d51aef5d46.
11448 : 2026-01-02 10:36:24,877 : INFO : telemetry.sender : Sending 4440 bytes
11448 : 2026-01-02 10:36:24,878 : INFO : telemetry.sender : Finish uploading in 0.168696 seconds.
11496 : 2026-01-02 10:37:25,792 : INFO : telemetry.main : Attempt start. Configuration directory [/home/admin/.azure]. Cache directory [/home/admin/.azure/telemetry/20260102103725622].
11496 : 2026-01-02 10:37:25,793 : INFO : telemetry.records : 1 cache files to upload.
11496 : 2026-01-02 10:37:25,793 : INFO : telemetry.records : Processed file /home/admin/.azure/telemetry/20260102103725622/cache into 1 records.
11496 : 2026-01-02 10:37:25,793 : INFO : telemetry.records : Remove directory /home/admin/.azure/telemetry/20260102103725622
11496 : 2026-01-02 10:37:25,794 : INFO : telemetry.client : Accumulated 1 events. Flush the clients.
11496 : 2026-01-02 10:37:25,794 : INFO : telemetry.client : Flush client c4395b75-49cc-422c-bc95-c7d51aef5d46.
11496 : 2026-01-02 10:37:25,954 : INFO : telemetry.sender : Sending 4656 bytes
11496 : 2026-01-02 10:37:25,954 : INFO : telemetry.sender : Finish uploading in 0.160079 seconds.
11561 : 2026-01-02 10:39:02,656 : INFO : telemetry.main : Attempt start. Configuration directory [/home/admin/.azure]. Cache directory [/home/admin/.azure/telemetry/20260102103902398].
11561 : 2026-01-02 10:39:02,656 : INFO : telemetry.records : 1 cache files to upload.
11561 : 2026-01-02 10:39:02,657 : INFO : telemetry.records : Processed file /home/admin/.azure/telemetry/20260102103902398/cache into 1 records.
11561 : 2026-01-02 10:39:02,657 : INFO : telemetry.records : Remove directory /home/admin/.azure/telemetry/20260102103902398
11561 : 2026-01-02 10:39:02,658 : INFO : telemetry.client : Accumulated 1 events. Flush the clients.
11561 : 2026-01-02 10:39:02,658 : INFO : telemetry.client : Flush client c4395b75-49cc-422c-bc95-c7d51aef5d46.
11561 : 2026-01-02 10:39:02,808 : INFO : telemetry.sender : Sending 4656 bytes
11561 : 2026-01-02 10:39:02,808 : INFO : telemetry.sender : Finish uploading in 0.150394 seconds.
11588 : 2026-01-02 10:39:41,773 : INFO : telemetry.main : Attempt start. Configuration directory [/home/admin/.azure]. Cache directory [/home/admin/.azure/telemetry/20260102103941656].
11588 : 2026-01-02 10:39:41,773 : INFO : telemetry.records : 1 cache files to upload.
11588 : 2026-01-02 10:39:41,774 : INFO : telemetry.records : Processed file /home/admin/.azure/telemetry/20260102103941656/cache into 1 records.
11588 : 2026-01-02 10:39:41,774 : INFO : telemetry.records : Remove directory /home/admin/.azure/telemetry/20260102103941656
11588 : 2026-01-02 10:39:41,774 : INFO : telemetry.client : Accumulated 1 events. Flush the clients.
11588 : 2026-01-02 10:39:41,774 : INFO : telemetry.client : Flush client c4395b75-49cc-422c-bc95-c7d51aef5d46.
11588 : 2026-01-02 10:39:41,912 : INFO : telemetry.sender : Sending 4443 bytes
11588 : 2026-01-02 10:39:41,912 : INFO : telemetry.sender : Finish uploading in 0.137048 seconds.
11620 : 2026-01-02 10:40:11,143 : INFO : telemetry.main : Attempt start. Configuration directory [/home/admin/.azure]. Cache directory [/home/admin/.azure/telemetry/20260102104011018].
11620 : 2026-01-02 10:40:11,143 : INFO : telemetry.records : 1 cache files to upload.
11620 : 2026-01-02 10:40:11,144 : INFO : telemetry.records : Processed file /home/admin/.azure/telemetry/20260102104011018/cache into 1 records.
11620 : 2026-01-02 10:40:11,144 : INFO : telemetry.records : Remove directory /home/admin/.azure/telemetry/20260102104011018
11620 : 2026-01-02 10:40:11,144 : INFO : telemetry.client : Accumulated 1 events. Flush the clients.
11620 : 2026-01-02 10:40:11,144 : INFO : telemetry.client : Flush client c4395b75-49cc-422c-bc95-c7d51aef5d46.
11620 : 2026-01-02 10:40:11,292 : INFO : telemetry.sender : Sending 4459 bytes
11620 : 2026-01-02 10:40:11,292 : INFO : telemetry.sender : Finish uploading in 0.147514 seconds.
11633 : 2026-01-02 10:40:17,035 : INFO : telemetry.main : Attempt start. Configuration directory [/home/admin/.azure]. Cache directory [/home/admin/.azure/telemetry/20260102104016885].
11633 : 2026-01-02 10:40:17,035 : INFO : telemetry.records : 1 cache files to upload.
11633 : 2026-01-02 10:40:17,036 : INFO : telemetry.records : Processed file /home/admin/.azure/telemetry/20260102104016885/cache into 1 records.
11633 : 2026-01-02 10:40:17,036 : INFO : telemetry.records : Remove directory /home/admin/.azure/telemetry/20260102104016885
11633 : 2026-01-02 10:40:17,036 : INFO : telemetry.client : Accumulated 1 events. Flush the clients.
11633 : 2026-01-02 10:40:17,036 : INFO : telemetry.client : Flush client c4395b75-49cc-422c-bc95-c7d51aef5d46.
11633 : 2026-01-02 10:40:17,168 : INFO : telemetry.sender : Sending 4459 bytes
11633 : 2026-01-02 10:40:17,168 : INFO : telemetry.sender : Finish uploading in 0.131535 seconds.
11661 : 2026-01-02 10:40:41,576 : INFO : telemetry.main : Attempt start. Configuration directory [/home/admin/.azure]. Cache directory [/home/admin/.azure/telemetry/20260102104041459].
11661 : 2026-01-02 10:40:41,576 : INFO : telemetry.records : 1 cache files to upload.
11661 : 2026-01-02 10:40:41,576 : INFO : telemetry.records : Processed file /home/admin/.azure/telemetry/20260102104041459/cache into 1 records.
11661 : 2026-01-02 10:40:41,577 : INFO : telemetry.records : Remove directory /home/admin/.azure/telemetry/20260102104041459
11661 : 2026-01-02 10:40:41,577 : INFO : telemetry.client : Accumulated 1 events. Flush the clients.
11661 : 2026-01-02 10:40:41,577 : INFO : telemetry.client : Flush client c4395b75-49cc-422c-bc95-c7d51aef5d46.
11661 : 2026-01-02 10:40:41,723 : INFO : telemetry.sender : Sending 4484 bytes
11661 : 2026-01-02 10:40:41,723 : INFO : telemetry.sender : Finish uploading in 0.145055 seconds.
11763 : 2026-01-02 10:43:52,935 : INFO : telemetry.main : Attempt start. Configuration directory [/home/admin/.azure]. Cache directory [/home/admin/.azure/telemetry/20260102104352798].
11763 : 2026-01-02 10:43:52,935 : INFO : telemetry.records : 1 cache files to upload.
11763 : 2026-01-02 10:43:52,935 : INFO : telemetry.records : Processed file /home/admin/.azure/telemetry/20260102104352798/cache into 1 records.
11763 : 2026-01-02 10:43:52,936 : INFO : telemetry.records : Remove directory /home/admin/.azure/telemetry/20260102104352798
11763 : 2026-01-02 10:43:52,936 : INFO : telemetry.client : Accumulated 1 events. Flush the clients.
11763 : 2026-01-02 10:43:52,936 : INFO : telemetry.client : Flush client c4395b75-49cc-422c-bc95-c7d51aef5d46.
11763 : 2026-01-02 10:43:53,130 : INFO : telemetry.sender : Sending 4360 bytes
11763 : 2026-01-02 10:43:53,130 : INFO : telemetry.sender : Finish uploading in 0.193418 seconds.
